Analysis & Synthesis report for pratica2
Sat Oct 08 00:53:53 2022
Quartus II 64-Bit Version 13.0.1 Build 232 06/12/2013 Service Pack 1 SJ Web Edition


---------------------
; Table of Contents ;
---------------------
  1. Legal Notice
  2. Analysis & Synthesis Summary
  3. Analysis & Synthesis Settings
  4. Parallel Compilation
  5. Analysis & Synthesis Source Files Read
  6. Analysis & Synthesis Resource Usage Summary
  7. Analysis & Synthesis Resource Utilization by Entity
  8. Analysis & Synthesis RAM Summary
  9. State Machine - |pratica2|Tstep_Q
 10. User-Specified and Inferred Latches
 11. Registers Removed During Synthesis
 12. General Register Statistics
 13. Multiplexer Restructuring Statistics (Restructuring Performed)
 14. Source assignments for ram:memDados|altsyncram:altsyncram_component|altsyncram_d0f1:auto_generated
 15. Source assignments for rom:memInst|altsyncram:altsyncram_component|altsyncram_r081:auto_generated
 16. Parameter Settings for User Entity Instance: Top-level Entity: |pratica2
 17. Parameter Settings for User Entity Instance: ram:memDados|altsyncram:altsyncram_component
 18. Parameter Settings for User Entity Instance: rom:memInst|altsyncram:altsyncram_component
 19. Parameter Settings for User Entity Instance: barrel:barrelShifter
 20. altsyncram Parameter Settings by Entity Instance
 21. Port Connectivity Checks: "rom:memInst"
 22. Port Connectivity Checks: "ram:memDados"
 23. Elapsed Time Per Partition
 24. Analysis & Synthesis Messages
 25. Analysis & Synthesis Suppressed Messages



----------------
; Legal Notice ;
----------------
Copyright (C) 1991-2013 Altera Corporation
Your use of Altera Corporation's design tools, logic functions 
and other software and tools, and its AMPP partner logic 
functions, and any output files from any of the foregoing 
(including device programming or simulation files), and any 
associated documentation or information are expressly subject 
to the terms and conditions of the Altera Program License 
Subscription Agreement, Altera MegaCore Function License 
Agreement, or other applicable license agreement, including, 
without limitation, that your use is for the sole purpose of 
programming logic devices manufactured by Altera and sold by 
Altera or its authorized distributors.  Please refer to the 
applicable agreement for further details.



+--------------------------------------------------------------------------------------+
; Analysis & Synthesis Summary                                                         ;
+------------------------------------+-------------------------------------------------+
; Analysis & Synthesis Status        ; Successful - Sat Oct 08 00:53:53 2022           ;
; Quartus II 64-Bit Version          ; 13.0.1 Build 232 06/12/2013 SP 1 SJ Web Edition ;
; Revision Name                      ; pratica2                                        ;
; Top-level Entity Name              ; pratica2                                        ;
; Family                             ; Cyclone II                                      ;
; Total logic elements               ; 675                                             ;
;     Total combinational functions  ; 521                                             ;
;     Dedicated logic registers      ; 208                                             ;
; Total registers                    ; 208                                             ;
; Total pins                         ; 4                                               ;
; Total virtual pins                 ; 0                                               ;
; Total memory bits                  ; 4,608                                           ;
; Embedded Multiplier 9-bit elements ; 0                                               ;
; Total PLLs                         ; 0                                               ;
+------------------------------------+-------------------------------------------------+


+----------------------------------------------------------------------------------------------------------------------+
; Analysis & Synthesis Settings                                                                                        ;
+----------------------------------------------------------------------------+--------------------+--------------------+
; Option                                                                     ; Setting            ; Default Value      ;
+----------------------------------------------------------------------------+--------------------+--------------------+
; Device                                                                     ; EP2C35F672C6       ;                    ;
; Top-level entity name                                                      ; pratica2           ; pratica2           ;
; Family name                                                                ; Cyclone II         ; Cyclone IV GX      ;
; Use smart compilation                                                      ; Off                ; Off                ;
; Enable parallel Assembler and TimeQuest Timing Analyzer during compilation ; On                 ; On                 ;
; Enable compact report table                                                ; Off                ; Off                ;
; Restructure Multiplexers                                                   ; Auto               ; Auto               ;
; Create Debugging Nodes for IP Cores                                        ; Off                ; Off                ;
; Preserve fewer node names                                                  ; On                 ; On                 ;
; Disable OpenCore Plus hardware evaluation                                  ; Off                ; Off                ;
; Verilog Version                                                            ; Verilog_2001       ; Verilog_2001       ;
; VHDL Version                                                               ; VHDL_1993          ; VHDL_1993          ;
; State Machine Processing                                                   ; Auto               ; Auto               ;
; Safe State Machine                                                         ; Off                ; Off                ;
; Extract Verilog State Machines                                             ; On                 ; On                 ;
; Extract VHDL State Machines                                                ; On                 ; On                 ;
; Ignore Verilog initial constructs                                          ; Off                ; Off                ;
; Iteration limit for constant Verilog loops                                 ; 5000               ; 5000               ;
; Iteration limit for non-constant Verilog loops                             ; 250                ; 250                ;
; Add Pass-Through Logic to Inferred RAMs                                    ; On                 ; On                 ;
; Infer RAMs from Raw Logic                                                  ; On                 ; On                 ;
; Parallel Synthesis                                                         ; On                 ; On                 ;
; DSP Block Balancing                                                        ; Auto               ; Auto               ;
; NOT Gate Push-Back                                                         ; On                 ; On                 ;
; Power-Up Don't Care                                                        ; On                 ; On                 ;
; Remove Redundant Logic Cells                                               ; Off                ; Off                ;
; Remove Duplicate Registers                                                 ; On                 ; On                 ;
; Ignore CARRY Buffers                                                       ; Off                ; Off                ;
; Ignore CASCADE Buffers                                                     ; Off                ; Off                ;
; Ignore GLOBAL Buffers                                                      ; Off                ; Off                ;
; Ignore ROW GLOBAL Buffers                                                  ; Off                ; Off                ;
; Ignore LCELL Buffers                                                       ; Off                ; Off                ;
; Ignore SOFT Buffers                                                        ; On                 ; On                 ;
; Limit AHDL Integers to 32 Bits                                             ; Off                ; Off                ;
; Optimization Technique                                                     ; Balanced           ; Balanced           ;
; Carry Chain Length                                                         ; 70                 ; 70                 ;
; Auto Carry Chains                                                          ; On                 ; On                 ;
; Auto Open-Drain Pins                                                       ; On                 ; On                 ;
; Perform WYSIWYG Primitive Resynthesis                                      ; Off                ; Off                ;
; Auto ROM Replacement                                                       ; On                 ; On                 ;
; Auto RAM Replacement                                                       ; On                 ; On                 ;
; Auto Shift Register Replacement                                            ; Auto               ; Auto               ;
; Allow Shift Register Merging across Hierarchies                            ; Auto               ; Auto               ;
; Auto Clock Enable Replacement                                              ; On                 ; On                 ;
; Strict RAM Replacement                                                     ; Off                ; Off                ;
; Allow Synchronous Control Signals                                          ; On                 ; On                 ;
; Force Use of Synchronous Clear Signals                                     ; Off                ; Off                ;
; Auto RAM to Logic Cell Conversion                                          ; Off                ; Off                ;
; Auto Resource Sharing                                                      ; Off                ; Off                ;
; Allow Any RAM Size For Recognition                                         ; Off                ; Off                ;
; Allow Any ROM Size For Recognition                                         ; Off                ; Off                ;
; Allow Any Shift Register Size For Recognition                              ; Off                ; Off                ;
; Use LogicLock Constraints during Resource Balancing                        ; On                 ; On                 ;
; Ignore translate_off and synthesis_off directives                          ; Off                ; Off                ;
; Timing-Driven Synthesis                                                    ; Off                ; Off                ;
; Report Parameter Settings                                                  ; On                 ; On                 ;
; Report Source Assignments                                                  ; On                 ; On                 ;
; Report Connectivity Checks                                                 ; On                 ; On                 ;
; Ignore Maximum Fan-Out Assignments                                         ; Off                ; Off                ;
; Synchronization Register Chain Length                                      ; 2                  ; 2                  ;
; PowerPlay Power Optimization                                               ; Normal compilation ; Normal compilation ;
; HDL message level                                                          ; Level2             ; Level2             ;
; Suppress Register Optimization Related Messages                            ; Off                ; Off                ;
; Number of Removed Registers Reported in Synthesis Report                   ; 5000               ; 5000               ;
; Number of Swept Nodes Reported in Synthesis Report                         ; 5000               ; 5000               ;
; Number of Inverted Registers Reported in Synthesis Report                  ; 100                ; 100                ;
; Clock MUX Protection                                                       ; On                 ; On                 ;
; Auto Gated Clock Conversion                                                ; Off                ; Off                ;
; Block Design Naming                                                        ; Auto               ; Auto               ;
; SDC constraint protection                                                  ; Off                ; Off                ;
; Synthesis Effort                                                           ; Auto               ; Auto               ;
; Shift Register Replacement - Allow Asynchronous Clear Signal               ; On                 ; On                 ;
; Pre-Mapping Resynthesis Optimization                                       ; Off                ; Off                ;
; Analysis & Synthesis Message Level                                         ; Medium             ; Medium             ;
; Disable Register Merging Across Hierarchies                                ; Auto               ; Auto               ;
; Resource Aware Inference For Block RAM                                     ; On                 ; On                 ;
; Synthesis Seed                                                             ; 1                  ; 1                  ;
+----------------------------------------------------------------------------+--------------------+--------------------+


Parallel compilation was disabled, but you have multiple processors available. Enable parallel compilation to reduce compilation time.
+-------------------------------------+
; Parallel Compilation                ;
+----------------------------+--------+
; Processors                 ; Number ;
+----------------------------+--------+
; Number detected on machine ; 8      ;
; Maximum allowed            ; 1      ;
+----------------------------+--------+


+---------------------------------------------------------------------------------------------------------------------------------------------------------------------------+
; Analysis & Synthesis Source Files Read                                                                                                                                    ;
+----------------------------------+-----------------+----------------------------------+-------------------------------------------------------------------------+---------+
; File Name with User-Entered Path ; Used in Netlist ; File Type                        ; File Name with Absolute Path                                            ; Library ;
+----------------------------------+-----------------+----------------------------------+-------------------------------------------------------------------------+---------+
; inst_mem.mif                     ; yes             ; User Memory Initialization File  ; C:/ProgramasCEFET/quartus/AOC II/pratica2/inst_mem.mif                  ;         ;
; data_mem.mif                     ; yes             ; User Memory Initialization File  ; C:/ProgramasCEFET/quartus/AOC II/pratica2/data_mem.mif                  ;         ;
; rom.v                            ; yes             ; User Verilog HDL File            ; C:/ProgramasCEFET/quartus/AOC II/pratica2/rom.v                         ;         ;
; ram.v                            ; yes             ; User Verilog HDL File            ; C:/ProgramasCEFET/quartus/AOC II/pratica2/ram.v                         ;         ;
; pratica2.v                       ; yes             ; User Verilog HDL File            ; C:/ProgramasCEFET/quartus/AOC II/pratica2/pratica2.v                    ;         ;
; altsyncram.tdf                   ; yes             ; Megafunction                     ; c:/altera/13.0sp1/quartus/libraries/megafunctions/altsyncram.tdf        ;         ;
; stratix_ram_block.inc            ; yes             ; Megafunction                     ; c:/altera/13.0sp1/quartus/libraries/megafunctions/stratix_ram_block.inc ;         ;
; lpm_mux.inc                      ; yes             ; Megafunction                     ; c:/altera/13.0sp1/quartus/libraries/megafunctions/lpm_mux.inc           ;         ;
; lpm_decode.inc                   ; yes             ; Megafunction                     ; c:/altera/13.0sp1/quartus/libraries/megafunctions/lpm_decode.inc        ;         ;
; aglobal130.inc                   ; yes             ; Megafunction                     ; c:/altera/13.0sp1/quartus/libraries/megafunctions/aglobal130.inc        ;         ;
; a_rdenreg.inc                    ; yes             ; Megafunction                     ; c:/altera/13.0sp1/quartus/libraries/megafunctions/a_rdenreg.inc         ;         ;
; altrom.inc                       ; yes             ; Megafunction                     ; c:/altera/13.0sp1/quartus/libraries/megafunctions/altrom.inc            ;         ;
; altram.inc                       ; yes             ; Megafunction                     ; c:/altera/13.0sp1/quartus/libraries/megafunctions/altram.inc            ;         ;
; altdpram.inc                     ; yes             ; Megafunction                     ; c:/altera/13.0sp1/quartus/libraries/megafunctions/altdpram.inc          ;         ;
; db/altsyncram_d0f1.tdf           ; yes             ; Auto-Generated Megafunction      ; C:/ProgramasCEFET/quartus/AOC II/pratica2/db/altsyncram_d0f1.tdf        ;         ;
; db/altsyncram_r081.tdf           ; yes             ; Auto-Generated Megafunction      ; C:/ProgramasCEFET/quartus/AOC II/pratica2/db/altsyncram_r081.tdf        ;         ;
+----------------------------------+-----------------+----------------------------------+-------------------------------------------------------------------------+---------+


+-----------------------------------------------------+
; Analysis & Synthesis Resource Usage Summary         ;
+---------------------------------------------+-------+
; Resource                                    ; Usage ;
+---------------------------------------------+-------+
; Estimated Total logic elements              ; 675   ;
;                                             ;       ;
; Total combinational functions               ; 521   ;
; Logic element usage by number of LUT inputs ;       ;
;     -- 4 input functions                    ; 346   ;
;     -- 3 input functions                    ; 134   ;
;     -- <=2 input functions                  ; 41    ;
;                                             ;       ;
; Logic elements by mode                      ;       ;
;     -- normal mode                          ; 476   ;
;     -- arithmetic mode                      ; 45    ;
;                                             ;       ;
; Total registers                             ; 208   ;
;     -- Dedicated logic registers            ; 208   ;
;     -- I/O registers                        ; 0     ;
;                                             ;       ;
; I/O pins                                    ; 4     ;
; Total memory bits                           ; 4608  ;
; Embedded Multiplier 9-bit elements          ; 0     ;
; Maximum fan-out node                        ; Clock ;
; Maximum fan-out                             ; 240   ;
; Total fan-out                               ; 2994  ;
; Average fan-out                             ; 3.91  ;
+---------------------------------------------+-------+


+--------------------------------------------------------------------------------------------------------------------------------------------------------------------------------------------------------------------------------------------------------------+
; Analysis & Synthesis Resource Utilization by Entity                                                                                                                                                                                                          ;
+-------------------------------------------+-------------------+--------------+-------------+--------------+---------+-----------+------+--------------+---------------------------------------------------------------------------------------+--------------+
; Compilation Hierarchy Node                ; LC Combinationals ; LC Registers ; Memory Bits ; DSP Elements ; DSP 9x9 ; DSP 18x18 ; Pins ; Virtual Pins ; Full Hierarchy Name                                                                   ; Library Name ;
+-------------------------------------------+-------------------+--------------+-------------+--------------+---------+-----------+------+--------------+---------------------------------------------------------------------------------------+--------------+
; |pratica2                                 ; 521 (174)         ; 208 (6)      ; 4608        ; 0            ; 0       ; 0         ; 4    ; 0            ; |pratica2                                                                             ; work         ;
;    |F:F_1|                                ; 8 (8)             ; 1 (1)        ; 0           ; 0            ; 0       ; 0         ; 0    ; 0            ; |pratica2|F:F_1                                                                       ; work         ;
;    |ULAn:ula|                             ; 130 (130)         ; 0 (0)        ; 0           ; 0            ; 0       ; 0         ; 0    ; 0            ; |pratica2|ULAn:ula                                                                    ; work         ;
;    |W:wren|                               ; 0 (0)             ; 1 (1)        ; 0           ; 0            ; 0       ; 0         ; 0    ; 0            ; |pratica2|W:wren                                                                      ; work         ;
;    |barrel:barrelShifter|                 ; 177 (177)         ; 0 (0)        ; 0           ; 0            ; 0       ; 0         ; 0    ; 0            ; |pratica2|barrel:barrelShifter                                                        ; work         ;
;    |dec3to8:decX|                         ; 15 (15)           ; 0 (0)        ; 0           ; 0            ; 0       ; 0         ; 0    ; 0            ; |pratica2|dec3to8:decX                                                                ; work         ;
;    |programCounter:PC_1|                  ; 17 (17)           ; 16 (16)      ; 0           ; 0            ; 0       ; 0         ; 0    ; 0            ; |pratica2|programCounter:PC_1                                                         ; work         ;
;    |ram:memDados|                         ; 0 (0)             ; 0 (0)        ; 4096        ; 0            ; 0       ; 0         ; 0    ; 0            ; |pratica2|ram:memDados                                                                ; work         ;
;       |altsyncram:altsyncram_component|   ; 0 (0)             ; 0 (0)        ; 4096        ; 0            ; 0       ; 0         ; 0    ; 0            ; |pratica2|ram:memDados|altsyncram:altsyncram_component                                ; work         ;
;          |altsyncram_d0f1:auto_generated| ; 0 (0)             ; 0 (0)        ; 4096        ; 0            ; 0       ; 0         ; 0    ; 0            ; |pratica2|ram:memDados|altsyncram:altsyncram_component|altsyncram_d0f1:auto_generated ; work         ;
;    |regn:ADDR|                            ; 0 (0)             ; 8 (8)        ; 0           ; 0            ; 0       ; 0         ; 0    ; 0            ; |pratica2|regn:ADDR                                                                   ; work         ;
;    |regn:DOUT|                            ; 0 (0)             ; 16 (16)      ; 0           ; 0            ; 0       ; 0         ; 0    ; 0            ; |pratica2|regn:DOUT                                                                   ; work         ;
;    |regn:reg_0|                           ; 0 (0)             ; 16 (16)      ; 0           ; 0            ; 0       ; 0         ; 0    ; 0            ; |pratica2|regn:reg_0                                                                  ; work         ;
;    |regn:reg_1|                           ; 0 (0)             ; 16 (16)      ; 0           ; 0            ; 0       ; 0         ; 0    ; 0            ; |pratica2|regn:reg_1                                                                  ; work         ;
;    |regn:reg_2|                           ; 0 (0)             ; 16 (16)      ; 0           ; 0            ; 0       ; 0         ; 0    ; 0            ; |pratica2|regn:reg_2                                                                  ; work         ;
;    |regn:reg_3|                           ; 0 (0)             ; 16 (16)      ; 0           ; 0            ; 0       ; 0         ; 0    ; 0            ; |pratica2|regn:reg_3                                                                  ; work         ;
;    |regn:reg_4|                           ; 0 (0)             ; 16 (16)      ; 0           ; 0            ; 0       ; 0         ; 0    ; 0            ; |pratica2|regn:reg_4                                                                  ; work         ;
;    |regn:reg_5|                           ; 0 (0)             ; 16 (16)      ; 0           ; 0            ; 0       ; 0         ; 0    ; 0            ; |pratica2|regn:reg_5                                                                  ; work         ;
;    |regn:reg_6|                           ; 0 (0)             ; 16 (16)      ; 0           ; 0            ; 0       ; 0         ; 0    ; 0            ; |pratica2|regn:reg_6                                                                  ; work         ;
;    |regn:reg_A|                           ; 0 (0)             ; 16 (16)      ; 0           ; 0            ; 0       ; 0         ; 0    ; 0            ; |pratica2|regn:reg_A                                                                  ; work         ;
;    |regn:reg_G|                           ; 0 (0)             ; 16 (16)      ; 0           ; 0            ; 0       ; 0         ; 0    ; 0            ; |pratica2|regn:reg_G                                                                  ; work         ;
;    |regn:reg_IR|                          ; 0 (0)             ; 16 (16)      ; 0           ; 0            ; 0       ; 0         ; 0    ; 0            ; |pratica2|regn:reg_IR                                                                 ; work         ;
;    |rom:memInst|                          ; 0 (0)             ; 0 (0)        ; 512         ; 0            ; 0       ; 0         ; 0    ; 0            ; |pratica2|rom:memInst                                                                 ; work         ;
;       |altsyncram:altsyncram_component|   ; 0 (0)             ; 0 (0)        ; 512         ; 0            ; 0       ; 0         ; 0    ; 0            ; |pratica2|rom:memInst|altsyncram:altsyncram_component                                 ; work         ;
;          |altsyncram_r081:auto_generated| ; 0 (0)             ; 0 (0)        ; 512         ; 0            ; 0       ; 0         ; 0    ; 0            ; |pratica2|rom:memInst|altsyncram:altsyncram_component|altsyncram_r081:auto_generated  ; work         ;
+-------------------------------------------+-------------------+--------------+-------------+--------------+---------+-----------+------+--------------+---------------------------------------------------------------------------------------+--------------+
Note: For table entries with two numbers listed, the numbers in parentheses indicate the number of resources of the given type used by the specific entity alone. The numbers listed outside of parentheses indicate the total resources of the given type used by the specific entity and all of its sub-entities in the hierarchy.


+-----------------------------------------------------------------------------------------------------------------------------------------------------------------------------------------------+
; Analysis & Synthesis RAM Summary                                                                                                                                                              ;
+----------------------------------------------------------------------------------------+------+-------------+--------------+--------------+--------------+--------------+------+--------------+
; Name                                                                                   ; Type ; Mode        ; Port A Depth ; Port A Width ; Port B Depth ; Port B Width ; Size ; MIF          ;
+----------------------------------------------------------------------------------------+------+-------------+--------------+--------------+--------------+--------------+------+--------------+
; ram:memDados|altsyncram:altsyncram_component|altsyncram_d0f1:auto_generated|ALTSYNCRAM ; M4K  ; Single Port ; 256          ; 16           ; --           ; --           ; 4096 ; data_mem.mif ;
; rom:memInst|altsyncram:altsyncram_component|altsyncram_r081:auto_generated|ALTSYNCRAM  ; AUTO ; ROM         ; 32           ; 16           ; --           ; --           ; 512  ; inst_mem.mif ;
+----------------------------------------------------------------------------------------+------+-------------+--------------+--------------+--------------+--------------+------+--------------+


Encoding Type:  One-Hot
+------------------------------------------------------------------------------------------+
; State Machine - |pratica2|Tstep_Q                                                        ;
+------------+------------+------------+------------+------------+------------+------------+
; Name       ; Tstep_Q.T5 ; Tstep_Q.T4 ; Tstep_Q.T3 ; Tstep_Q.T2 ; Tstep_Q.T1 ; Tstep_Q.T0 ;
+------------+------------+------------+------------+------------+------------+------------+
; Tstep_Q.T0 ; 0          ; 0          ; 0          ; 0          ; 0          ; 0          ;
; Tstep_Q.T1 ; 0          ; 0          ; 0          ; 0          ; 1          ; 1          ;
; Tstep_Q.T2 ; 0          ; 0          ; 0          ; 1          ; 0          ; 1          ;
; Tstep_Q.T3 ; 0          ; 0          ; 1          ; 0          ; 0          ; 1          ;
; Tstep_Q.T4 ; 0          ; 1          ; 0          ; 0          ; 0          ; 1          ;
; Tstep_Q.T5 ; 1          ; 0          ; 0          ; 0          ; 0          ; 1          ;
+------------+------------+------------+------------+------------+------------+------------+


+----------------------------------------------------------------------------------------------------+
; User-Specified and Inferred Latches                                                                ;
+-----------------------------------------------------+---------------------+------------------------+
; Latch Name                                          ; Latch Enable Signal ; Free of Timing Hazards ;
+-----------------------------------------------------+---------------------+------------------------+
; Select[3]                                           ; Selector1           ; yes                    ;
; Select[1]                                           ; Selector1           ; yes                    ;
; Select[0]                                           ; Selector1           ; yes                    ;
; Select[2]                                           ; Selector1           ; yes                    ;
; ALU_op[1]                                           ; ALU_op[1]           ; yes                    ;
; ALU_op[0]                                           ; ALU_op[1]           ; yes                    ;
; dec3to8:decX|Y[1]                                   ; dec3to8:decX|Mux0   ; yes                    ;
; dec3to8:decX|Y[2]                                   ; dec3to8:decX|Mux0   ; yes                    ;
; dec3to8:decX|Y[0]                                   ; dec3to8:decX|Mux0   ; yes                    ;
; dec3to8:decX|Y[3]                                   ; dec3to8:decX|Mux0   ; yes                    ;
; dec3to8:decX|Y[6]                                   ; dec3to8:decX|Mux0   ; yes                    ;
; dec3to8:decX|Y[5]                                   ; dec3to8:decX|Mux0   ; yes                    ;
; dec3to8:decX|Y[4]                                   ; dec3to8:decX|Mux0   ; yes                    ;
; Number of user-specified and inferred latches = 13  ;                     ;                        ;
+-----------------------------------------------------+---------------------+------------------------+
Note: All latches listed above may not be present at the end of synthesis due to various synthesis optimizations.


+------------------------------------------------------------+
; Registers Removed During Synthesis                         ;
+---------------------------------------+--------------------+
; Register name                         ; Reason for Removal ;
+---------------------------------------+--------------------+
; Tstep_Q~4                             ; Lost fanout        ;
; Tstep_Q~5                             ; Lost fanout        ;
; Tstep_Q~6                             ; Lost fanout        ;
; Total Number of Removed Registers = 3 ;                    ;
+---------------------------------------+--------------------+


+------------------------------------------------------+
; General Register Statistics                          ;
+----------------------------------------------+-------+
; Statistic                                    ; Value ;
+----------------------------------------------+-------+
; Total registers                              ; 208   ;
; Number of registers using Synchronous Clear  ; 16    ;
; Number of registers using Synchronous Load   ; 16    ;
; Number of registers using Asynchronous Clear ; 190   ;
; Number of registers using Asynchronous Load  ; 0     ;
; Number of registers using Clock Enable       ; 200   ;
; Number of registers using Preset             ; 0     ;
+----------------------------------------------+-------+


+----------------------------------------------------------------------------------------------------------------------------------------------------------+
; Multiplexer Restructuring Statistics (Restructuring Performed)                                                                                           ;
+--------------------+-----------+---------------+----------------------+------------------------+------------+--------------------------------------------+
; Multiplexer Inputs ; Bus Width ; Baseline Area ; Area if Restructured ; Saving if Restructured ; Registered ; Example Multiplexer Output                 ;
+--------------------+-----------+---------------+----------------------+------------------------+------------+--------------------------------------------+
; 4:1                ; 16 bits   ; 32 LEs        ; 32 LEs               ; 0 LEs                  ; Yes        ; |pratica2|programCounter:PC_1|pc[15]       ;
; 3:1                ; 2 bits    ; 4 LEs         ; 4 LEs                ; 0 LEs                  ; No         ; |pratica2|barrel:barrelShifter|ShiftRight0 ;
; 3:1                ; 8 bits    ; 16 LEs        ; 8 LEs                ; 8 LEs                  ; No         ; |pratica2|barrel:barrelShifter|ShiftLeft1  ;
; 4:1                ; 4 bits    ; 8 LEs         ; 8 LEs                ; 0 LEs                  ; No         ; |pratica2|barrel:barrelShifter|ShiftLeft1  ;
; 12:1               ; 8 bits    ; 64 LEs        ; 56 LEs               ; 8 LEs                  ; No         ; |pratica2|Mux28                            ;
; 12:1               ; 8 bits    ; 64 LEs        ; 64 LEs               ; 0 LEs                  ; No         ; |pratica2|Mux26                            ;
; 5:1                ; 4 bits    ; 12 LEs        ; 12 LEs               ; 0 LEs                  ; No         ; |pratica2|barrel:barrelShifter|ShiftLeft1  ;
; 9:1                ; 7 bits    ; 42 LEs        ; 28 LEs               ; 14 LEs                 ; No         ; |pratica2|ULAn:ula|result[3]               ;
; 10:1               ; 4 bits    ; 24 LEs        ; 24 LEs               ; 0 LEs                  ; No         ; |pratica2|ULAn:ula|result[11]              ;
; 11:1               ; 3 bits    ; 21 LEs        ; 18 LEs               ; 3 LEs                  ; No         ; |pratica2|ULAn:ula|result[14]              ;
+--------------------+-----------+---------------+----------------------+------------------------+------------+--------------------------------------------+


+----------------------------------------------------------------------------------------------------+
; Source assignments for ram:memDados|altsyncram:altsyncram_component|altsyncram_d0f1:auto_generated ;
+---------------------------------+--------------------+------+--------------------------------------+
; Assignment                      ; Value              ; From ; To                                   ;
+---------------------------------+--------------------+------+--------------------------------------+
; OPTIMIZE_POWER_DURING_SYNTHESIS ; NORMAL_COMPILATION ; -    ; -                                    ;
+---------------------------------+--------------------+------+--------------------------------------+


+---------------------------------------------------------------------------------------------------+
; Source assignments for rom:memInst|altsyncram:altsyncram_component|altsyncram_r081:auto_generated ;
+---------------------------------+--------------------+------+-------------------------------------+
; Assignment                      ; Value              ; From ; To                                  ;
+---------------------------------+--------------------+------+-------------------------------------+
; OPTIMIZE_POWER_DURING_SYNTHESIS ; NORMAL_COMPILATION ; -    ; -                                   ;
+---------------------------------+--------------------+------+-------------------------------------+


+--------------------------------------------------------------------------+
; Parameter Settings for User Entity Instance: Top-level Entity: |pratica2 ;
+----------------+-------+-------------------------------------------------+
; Parameter Name ; Value ; Type                                            ;
+----------------+-------+-------------------------------------------------+
; T0             ; 000   ; Unsigned Binary                                 ;
; T1             ; 001   ; Unsigned Binary                                 ;
; T2             ; 010   ; Unsigned Binary                                 ;
; T3             ; 011   ; Unsigned Binary                                 ;
; T4             ; 100   ; Unsigned Binary                                 ;
; T5             ; 101   ; Unsigned Binary                                 ;
; b              ; 000   ; Unsigned Binary                                 ;
; beq            ; 001   ; Unsigned Binary                                 ;
; bne            ; 010   ; Unsigned Binary                                 ;
; mv             ; 000   ; Unsigned Binary                                 ;
; mvt_b          ; 001   ; Unsigned Binary                                 ;
; add            ; 010   ; Unsigned Binary                                 ;
; sub            ; 011   ; Unsigned Binary                                 ;
; ld             ; 100   ; Unsigned Binary                                 ;
; st             ; 101   ; Unsigned Binary                                 ;
; And            ; 110   ; Unsigned Binary                                 ;
; shift_rot      ; 111   ; Unsigned Binary                                 ;
; R0             ; 0000  ; Unsigned Binary                                 ;
; R1             ; 0001  ; Unsigned Binary                                 ;
; R2             ; 0010  ; Unsigned Binary                                 ;
; R3             ; 0011  ; Unsigned Binary                                 ;
; R4             ; 0100  ; Unsigned Binary                                 ;
; R5             ; 0101  ; Unsigned Binary                                 ;
; R6             ; 0110  ; Unsigned Binary                                 ;
; PC             ; 0111  ; Unsigned Binary                                 ;
; G              ; 1000  ; Unsigned Binary                                 ;
; IR8_IR8_0      ; 1001  ; Unsigned Binary                                 ;
; IR7_0_0        ; 1010  ; Unsigned Binary                                 ;
; data           ; 1011  ; Unsigned Binary                                 ;
+----------------+-------+-------------------------------------------------+
Note: In order to hide this table in the UI and the text report file, please set the "Show Parameter Settings in Synthesis Report" option in "Analysis and Synthesis Settings -> More Settings" to "Off".


+-------------------------------------------------------------------------------------------+
; Parameter Settings for User Entity Instance: ram:memDados|altsyncram:altsyncram_component ;
+------------------------------------+----------------------+-------------------------------+
; Parameter Name                     ; Value                ; Type                          ;
+------------------------------------+----------------------+-------------------------------+
; BYTE_SIZE_BLOCK                    ; 8                    ; Untyped                       ;
; AUTO_CARRY_CHAINS                  ; ON                   ; AUTO_CARRY                    ;
; IGNORE_CARRY_BUFFERS               ; OFF                  ; IGNORE_CARRY                  ;
; AUTO_CASCADE_CHAINS                ; ON                   ; AUTO_CASCADE                  ;
; IGNORE_CASCADE_BUFFERS             ; OFF                  ; IGNORE_CASCADE                ;
; WIDTH_BYTEENA                      ; 1                    ; Untyped                       ;
; OPERATION_MODE                     ; SINGLE_PORT          ; Untyped                       ;
; WIDTH_A                            ; 16                   ; Signed Integer                ;
; WIDTHAD_A                          ; 8                    ; Signed Integer                ;
; NUMWORDS_A                         ; 256                  ; Signed Integer                ;
; OUTDATA_REG_A                      ; UNREGISTERED         ; Untyped                       ;
; ADDRESS_ACLR_A                     ; NONE                 ; Untyped                       ;
; OUTDATA_ACLR_A                     ; NONE                 ; Untyped                       ;
; WRCONTROL_ACLR_A                   ; NONE                 ; Untyped                       ;
; INDATA_ACLR_A                      ; NONE                 ; Untyped                       ;
; BYTEENA_ACLR_A                     ; NONE                 ; Untyped                       ;
; WIDTH_B                            ; 1                    ; Untyped                       ;
; WIDTHAD_B                          ; 1                    ; Untyped                       ;
; NUMWORDS_B                         ; 1                    ; Untyped                       ;
; INDATA_REG_B                       ; CLOCK1               ; Untyped                       ;
; WRCONTROL_WRADDRESS_REG_B          ; CLOCK1               ; Untyped                       ;
; RDCONTROL_REG_B                    ; CLOCK1               ; Untyped                       ;
; ADDRESS_REG_B                      ; CLOCK1               ; Untyped                       ;
; OUTDATA_REG_B                      ; UNREGISTERED         ; Untyped                       ;
; BYTEENA_REG_B                      ; CLOCK1               ; Untyped                       ;
; INDATA_ACLR_B                      ; NONE                 ; Untyped                       ;
; WRCONTROL_ACLR_B                   ; NONE                 ; Untyped                       ;
; ADDRESS_ACLR_B                     ; NONE                 ; Untyped                       ;
; OUTDATA_ACLR_B                     ; NONE                 ; Untyped                       ;
; RDCONTROL_ACLR_B                   ; NONE                 ; Untyped                       ;
; BYTEENA_ACLR_B                     ; NONE                 ; Untyped                       ;
; WIDTH_BYTEENA_A                    ; 1                    ; Signed Integer                ;
; WIDTH_BYTEENA_B                    ; 1                    ; Untyped                       ;
; RAM_BLOCK_TYPE                     ; M4K                  ; Untyped                       ;
; BYTE_SIZE                          ; 8                    ; Untyped                       ;
; READ_DURING_WRITE_MODE_MIXED_PORTS ; DONT_CARE            ; Untyped                       ;
; READ_DURING_WRITE_MODE_PORT_A      ; NEW_DATA_NO_NBE_READ ; Untyped                       ;
; READ_DURING_WRITE_MODE_PORT_B      ; NEW_DATA_NO_NBE_READ ; Untyped                       ;
; INIT_FILE                          ; data_mem.mif         ; Untyped                       ;
; INIT_FILE_LAYOUT                   ; PORT_A               ; Untyped                       ;
; MAXIMUM_DEPTH                      ; 0                    ; Untyped                       ;
; CLOCK_ENABLE_INPUT_A               ; BYPASS               ; Untyped                       ;
; CLOCK_ENABLE_INPUT_B               ; NORMAL               ; Untyped                       ;
; CLOCK_ENABLE_OUTPUT_A              ; BYPASS               ; Untyped                       ;
; CLOCK_ENABLE_OUTPUT_B              ; NORMAL               ; Untyped                       ;
; CLOCK_ENABLE_CORE_A                ; USE_INPUT_CLKEN      ; Untyped                       ;
; CLOCK_ENABLE_CORE_B                ; USE_INPUT_CLKEN      ; Untyped                       ;
; ENABLE_ECC                         ; FALSE                ; Untyped                       ;
; ECC_PIPELINE_STAGE_ENABLED         ; FALSE                ; Untyped                       ;
; WIDTH_ECCSTATUS                    ; 3                    ; Untyped                       ;
; DEVICE_FAMILY                      ; Cyclone II           ; Untyped                       ;
; CBXI_PARAMETER                     ; altsyncram_d0f1      ; Untyped                       ;
+------------------------------------+----------------------+-------------------------------+
Note: In order to hide this table in the UI and the text report file, please set the "Show Parameter Settings in Synthesis Report" option in "Analysis and Synthesis Settings -> More Settings" to "Off".


+------------------------------------------------------------------------------------------+
; Parameter Settings for User Entity Instance: rom:memInst|altsyncram:altsyncram_component ;
+------------------------------------+----------------------+------------------------------+
; Parameter Name                     ; Value                ; Type                         ;
+------------------------------------+----------------------+------------------------------+
; BYTE_SIZE_BLOCK                    ; 8                    ; Untyped                      ;
; AUTO_CARRY_CHAINS                  ; ON                   ; AUTO_CARRY                   ;
; IGNORE_CARRY_BUFFERS               ; OFF                  ; IGNORE_CARRY                 ;
; AUTO_CASCADE_CHAINS                ; ON                   ; AUTO_CASCADE                 ;
; IGNORE_CASCADE_BUFFERS             ; OFF                  ; IGNORE_CASCADE               ;
; WIDTH_BYTEENA                      ; 1                    ; Untyped                      ;
; OPERATION_MODE                     ; ROM                  ; Untyped                      ;
; WIDTH_A                            ; 16                   ; Signed Integer               ;
; WIDTHAD_A                          ; 5                    ; Signed Integer               ;
; NUMWORDS_A                         ; 32                   ; Signed Integer               ;
; OUTDATA_REG_A                      ; UNREGISTERED         ; Untyped                      ;
; ADDRESS_ACLR_A                     ; NONE                 ; Untyped                      ;
; OUTDATA_ACLR_A                     ; NONE                 ; Untyped                      ;
; WRCONTROL_ACLR_A                   ; NONE                 ; Untyped                      ;
; INDATA_ACLR_A                      ; NONE                 ; Untyped                      ;
; BYTEENA_ACLR_A                     ; NONE                 ; Untyped                      ;
; WIDTH_B                            ; 1                    ; Untyped                      ;
; WIDTHAD_B                          ; 1                    ; Untyped                      ;
; NUMWORDS_B                         ; 1                    ; Untyped                      ;
; INDATA_REG_B                       ; CLOCK1               ; Untyped                      ;
; WRCONTROL_WRADDRESS_REG_B          ; CLOCK1               ; Untyped                      ;
; RDCONTROL_REG_B                    ; CLOCK1               ; Untyped                      ;
; ADDRESS_REG_B                      ; CLOCK1               ; Untyped                      ;
; OUTDATA_REG_B                      ; UNREGISTERED         ; Untyped                      ;
; BYTEENA_REG_B                      ; CLOCK1               ; Untyped                      ;
; INDATA_ACLR_B                      ; NONE                 ; Untyped                      ;
; WRCONTROL_ACLR_B                   ; NONE                 ; Untyped                      ;
; ADDRESS_ACLR_B                     ; NONE                 ; Untyped                      ;
; OUTDATA_ACLR_B                     ; NONE                 ; Untyped                      ;
; RDCONTROL_ACLR_B                   ; NONE                 ; Untyped                      ;
; BYTEENA_ACLR_B                     ; NONE                 ; Untyped                      ;
; WIDTH_BYTEENA_A                    ; 1                    ; Signed Integer               ;
; WIDTH_BYTEENA_B                    ; 1                    ; Untyped                      ;
; RAM_BLOCK_TYPE                     ; AUTO                 ; Untyped                      ;
; BYTE_SIZE                          ; 8                    ; Untyped                      ;
; READ_DURING_WRITE_MODE_MIXED_PORTS ; DONT_CARE            ; Untyped                      ;
; READ_DURING_WRITE_MODE_PORT_A      ; NEW_DATA_NO_NBE_READ ; Untyped                      ;
; READ_DURING_WRITE_MODE_PORT_B      ; NEW_DATA_NO_NBE_READ ; Untyped                      ;
; INIT_FILE                          ; inst_mem.mif         ; Untyped                      ;
; INIT_FILE_LAYOUT                   ; PORT_A               ; Untyped                      ;
; MAXIMUM_DEPTH                      ; 0                    ; Untyped                      ;
; CLOCK_ENABLE_INPUT_A               ; BYPASS               ; Untyped                      ;
; CLOCK_ENABLE_INPUT_B               ; NORMAL               ; Untyped                      ;
; CLOCK_ENABLE_OUTPUT_A              ; BYPASS               ; Untyped                      ;
; CLOCK_ENABLE_OUTPUT_B              ; NORMAL               ; Untyped                      ;
; CLOCK_ENABLE_CORE_A                ; USE_INPUT_CLKEN      ; Untyped                      ;
; CLOCK_ENABLE_CORE_B                ; USE_INPUT_CLKEN      ; Untyped                      ;
; ENABLE_ECC                         ; FALSE                ; Untyped                      ;
; ECC_PIPELINE_STAGE_ENABLED         ; FALSE                ; Untyped                      ;
; WIDTH_ECCSTATUS                    ; 3                    ; Untyped                      ;
; DEVICE_FAMILY                      ; Cyclone II           ; Untyped                      ;
; CBXI_PARAMETER                     ; altsyncram_r081      ; Untyped                      ;
+------------------------------------+----------------------+------------------------------+
Note: In order to hide this table in the UI and the text report file, please set the "Show Parameter Settings in Synthesis Report" option in "Analysis and Synthesis Settings -> More Settings" to "Off".


+-------------------------------------------------------------------+
; Parameter Settings for User Entity Instance: barrel:barrelShifter ;
+----------------+-------+------------------------------------------+
; Parameter Name ; Value ; Type                                     ;
+----------------+-------+------------------------------------------+
; lsl            ; 00    ; Unsigned Binary                          ;
; lsr            ; 01    ; Unsigned Binary                          ;
; asr            ; 10    ; Unsigned Binary                          ;
; ror            ; 11    ; Unsigned Binary                          ;
+----------------+-------+------------------------------------------+
Note: In order to hide this table in the UI and the text report file, please set the "Show Parameter Settings in Synthesis Report" option in "Analysis and Synthesis Settings -> More Settings" to "Off".


+------------------------------------------------------------------------------------------+
; altsyncram Parameter Settings by Entity Instance                                         ;
+-------------------------------------------+----------------------------------------------+
; Name                                      ; Value                                        ;
+-------------------------------------------+----------------------------------------------+
; Number of entity instances                ; 2                                            ;
; Entity Instance                           ; ram:memDados|altsyncram:altsyncram_component ;
;     -- OPERATION_MODE                     ; SINGLE_PORT                                  ;
;     -- WIDTH_A                            ; 16                                           ;
;     -- NUMWORDS_A                         ; 256                                          ;
;     -- OUTDATA_REG_A                      ; UNREGISTERED                                 ;
;     -- WIDTH_B                            ; 1                                            ;
;     -- NUMWORDS_B                         ; 1                                            ;
;     -- ADDRESS_REG_B                      ; CLOCK1                                       ;
;     -- OUTDATA_REG_B                      ; UNREGISTERED                                 ;
;     -- RAM_BLOCK_TYPE                     ; M4K                                          ;
;     -- READ_DURING_WRITE_MODE_MIXED_PORTS ; DONT_CARE                                    ;
; Entity Instance                           ; rom:memInst|altsyncram:altsyncram_component  ;
;     -- OPERATION_MODE                     ; ROM                                          ;
;     -- WIDTH_A                            ; 16                                           ;
;     -- NUMWORDS_A                         ; 32                                           ;
;     -- OUTDATA_REG_A                      ; UNREGISTERED                                 ;
;     -- WIDTH_B                            ; 1                                            ;
;     -- NUMWORDS_B                         ; 1                                            ;
;     -- ADDRESS_REG_B                      ; CLOCK1                                       ;
;     -- OUTDATA_REG_B                      ; UNREGISTERED                                 ;
;     -- RAM_BLOCK_TYPE                     ; AUTO                                         ;
;     -- READ_DURING_WRITE_MODE_MIXED_PORTS ; DONT_CARE                                    ;
+-------------------------------------------+----------------------------------------------+


+-----------------------------------------------------------------------------------------------------------------------------------------------------------------------------------------------------------------+
; Port Connectivity Checks: "rom:memInst"                                                                                                                                                                         ;
+---------+-------+----------+------------------------------------------------------------------------------------------------------------------------------------------------------------------------------------+
; Port    ; Type  ; Severity ; Details                                                                                                                                                                            ;
+---------+-------+----------+------------------------------------------------------------------------------------------------------------------------------------------------------------------------------------+
; address ; Input ; Warning  ; Input port expression (16 bits) is wider than the input port (5 bits) it drives.  The 11 most-significant bit(s) in the expression will be dangling if they have no other fanouts. ;
+---------+-------+----------+------------------------------------------------------------------------------------------------------------------------------------------------------------------------------------+


+----------------------------------------------------------------------------------------------------------------------------------------------------------------------------------------------------------------+
; Port Connectivity Checks: "ram:memDados"                                                                                                                                                                       ;
+---------+-------+----------+-----------------------------------------------------------------------------------------------------------------------------------------------------------------------------------+
; Port    ; Type  ; Severity ; Details                                                                                                                                                                           ;
+---------+-------+----------+-----------------------------------------------------------------------------------------------------------------------------------------------------------------------------------+
; address ; Input ; Warning  ; Input port expression (16 bits) is wider than the input port (8 bits) it drives.  The 8 most-significant bit(s) in the expression will be dangling if they have no other fanouts. ;
+---------+-------+----------+-----------------------------------------------------------------------------------------------------------------------------------------------------------------------------------+


+-------------------------------+
; Elapsed Time Per Partition    ;
+----------------+--------------+
; Partition Name ; Elapsed Time ;
+----------------+--------------+
; Top            ; 00:00:02     ;
+----------------+--------------+


+-------------------------------+
; Analysis & Synthesis Messages ;
+-------------------------------+
Info: *******************************************************************
Info: Running Quartus II 64-Bit Analysis & Synthesis
    Info: Version 13.0.1 Build 232 06/12/2013 Service Pack 1 SJ Web Edition
    Info: Processing started: Sat Oct 08 00:53:49 2022
Info: Command: quartus_map --read_settings_files=on --write_settings_files=off pratica2 -c pratica2
Warning (20028): Parallel compilation is not licensed and has been disabled
Info (12021): Found 1 design units, including 1 entities, in source file rom.v
    Info (12023): Found entity 1: rom
Info (12021): Found 1 design units, including 1 entities, in source file ram.v
    Info (12023): Found entity 1: ram
Info (12021): Found 8 design units, including 8 entities, in source file pratica2.v
    Info (12023): Found entity 1: pratica2
    Info (12023): Found entity 2: dec3to8
    Info (12023): Found entity 3: regn
    Info (12023): Found entity 4: ULAn
    Info (12023): Found entity 5: programCounter
    Info (12023): Found entity 6: W
    Info (12023): Found entity 7: F
    Info (12023): Found entity 8: barrel
Info (12021): Found 1 design units, including 1 entities, in source file testbench.v
    Info (12023): Found entity 1: testbench
Info (12127): Elaborating entity "pratica2" for the top level hierarchy
Warning (10240): Verilog HDL Always Construct warning at pratica2.v(90): inferring latch(es) for variable "Select", which holds its previous value in one or more paths through the always construct
Warning (10240): Verilog HDL Always Construct warning at pratica2.v(90): inferring latch(es) for variable "ALU_op", which holds its previous value in one or more paths through the always construct
Info (10041): Inferred latch for "ALU_op[0]" at pratica2.v(90)
Info (10041): Inferred latch for "ALU_op[1]" at pratica2.v(90)
Info (10041): Inferred latch for "Select[0]" at pratica2.v(90)
Info (10041): Inferred latch for "Select[1]" at pratica2.v(90)
Info (10041): Inferred latch for "Select[2]" at pratica2.v(90)
Info (10041): Inferred latch for "Select[3]" at pratica2.v(90)
Info (12128): Elaborating entity "dec3to8" for hierarchy "dec3to8:decX"
Warning (10270): Verilog HDL Case Statement warning at pratica2.v(310): incomplete case statement has no default case item
Warning (10240): Verilog HDL Always Construct warning at pratica2.v(307): inferring latch(es) for variable "Y", which holds its previous value in one or more paths through the always construct
Info (10041): Inferred latch for "Y[0]" at pratica2.v(310)
Info (10041): Inferred latch for "Y[1]" at pratica2.v(310)
Info (10041): Inferred latch for "Y[2]" at pratica2.v(310)
Info (10041): Inferred latch for "Y[3]" at pratica2.v(310)
Info (10041): Inferred latch for "Y[4]" at pratica2.v(310)
Info (10041): Inferred latch for "Y[5]" at pratica2.v(310)
Info (10041): Inferred latch for "Y[6]" at pratica2.v(310)
Info (12128): Elaborating entity "ram" for hierarchy "ram:memDados"
Info (12128): Elaborating entity "altsyncram" for hierarchy "ram:memDados|altsyncram:altsyncram_component"
Info (12130): Elaborated megafunction instantiation "ram:memDados|altsyncram:altsyncram_component"
Info (12133): Instantiated megafunction "ram:memDados|altsyncram:altsyncram_component" with the following parameter:
    Info (12134): Parameter "clock_enable_input_a" = "BYPASS"
    Info (12134): Parameter "clock_enable_output_a" = "BYPASS"
    Info (12134): Parameter "init_file" = "data_mem.mif"
    Info (12134): Parameter "intended_device_family" = "Cyclone II"
    Info (12134): Parameter "lpm_hint" = "ENABLE_RUNTIME_MOD=NO"
    Info (12134): Parameter "lpm_type" = "altsyncram"
    Info (12134): Parameter "numwords_a" = "256"
    Info (12134): Parameter "operation_mode" = "SINGLE_PORT"
    Info (12134): Parameter "outdata_aclr_a" = "NONE"
    Info (12134): Parameter "outdata_reg_a" = "UNREGISTERED"
    Info (12134): Parameter "power_up_uninitialized" = "FALSE"
    Info (12134): Parameter "ram_block_type" = "M4K"
    Info (12134): Parameter "widthad_a" = "8"
    Info (12134): Parameter "width_a" = "16"
    Info (12134): Parameter "width_byteena_a" = "1"
Info (12021): Found 1 design units, including 1 entities, in source file db/altsyncram_d0f1.tdf
    Info (12023): Found entity 1: altsyncram_d0f1
Info (12128): Elaborating entity "altsyncram_d0f1" for hierarchy "ram:memDados|altsyncram:altsyncram_component|altsyncram_d0f1:auto_generated"
Info (12128): Elaborating entity "rom" for hierarchy "rom:memInst"
Info (12128): Elaborating entity "altsyncram" for hierarchy "rom:memInst|altsyncram:altsyncram_component"
Info (12130): Elaborated megafunction instantiation "rom:memInst|altsyncram:altsyncram_component"
Info (12133): Instantiated megafunction "rom:memInst|altsyncram:altsyncram_component" with the following parameter:
    Info (12134): Parameter "clock_enable_input_a" = "BYPASS"
    Info (12134): Parameter "clock_enable_output_a" = "BYPASS"
    Info (12134): Parameter "init_file" = "inst_mem.mif"
    Info (12134): Parameter "intended_device_family" = "Cyclone II"
    Info (12134): Parameter "lpm_hint" = "ENABLE_RUNTIME_MOD=NO"
    Info (12134): Parameter "lpm_type" = "altsyncram"
    Info (12134): Parameter "numwords_a" = "32"
    Info (12134): Parameter "operation_mode" = "ROM"
    Info (12134): Parameter "outdata_aclr_a" = "NONE"
    Info (12134): Parameter "outdata_reg_a" = "UNREGISTERED"
    Info (12134): Parameter "widthad_a" = "5"
    Info (12134): Parameter "width_a" = "16"
    Info (12134): Parameter "width_byteena_a" = "1"
Info (12021): Found 1 design units, including 1 entities, in source file db/altsyncram_r081.tdf
    Info (12023): Found entity 1: altsyncram_r081
Info (12128): Elaborating entity "altsyncram_r081" for hierarchy "rom:memInst|altsyncram:altsyncram_component|altsyncram_r081:auto_generated"
Info (12128): Elaborating entity "regn" for hierarchy "regn:reg_0"
Info (12128): Elaborating entity "programCounter" for hierarchy "programCounter:PC_1"
Warning (10230): Verilog HDL assignment warning at pratica2.v(387): truncated value with size 32 to match size of target (16)
Info (12128): Elaborating entity "W" for hierarchy "W:wren"
Info (12128): Elaborating entity "ULAn" for hierarchy "ULAn:ula"
Warning (10240): Verilog HDL Always Construct warning at pratica2.v(345): inferring latch(es) for variable "result", which holds its previous value in one or more paths through the always construct
Info (10041): Inferred latch for "result[0]" at pratica2.v(347)
Info (10041): Inferred latch for "result[1]" at pratica2.v(347)
Info (10041): Inferred latch for "result[2]" at pratica2.v(347)
Info (10041): Inferred latch for "result[3]" at pratica2.v(347)
Info (10041): Inferred latch for "result[4]" at pratica2.v(347)
Info (10041): Inferred latch for "result[5]" at pratica2.v(347)
Info (10041): Inferred latch for "result[6]" at pratica2.v(347)
Info (10041): Inferred latch for "result[7]" at pratica2.v(347)
Info (10041): Inferred latch for "result[8]" at pratica2.v(347)
Info (10041): Inferred latch for "result[9]" at pratica2.v(347)
Info (10041): Inferred latch for "result[10]" at pratica2.v(347)
Info (10041): Inferred latch for "result[11]" at pratica2.v(347)
Info (10041): Inferred latch for "result[12]" at pratica2.v(347)
Info (10041): Inferred latch for "result[13]" at pratica2.v(347)
Info (10041): Inferred latch for "result[14]" at pratica2.v(347)
Info (10041): Inferred latch for "result[15]" at pratica2.v(347)
Info (12128): Elaborating entity "F" for hierarchy "F:F_1"
Info (12128): Elaborating entity "barrel" for hierarchy "barrel:barrelShifter"
Warning (10230): Verilog HDL assignment warning at pratica2.v(435): truncated value with size 32 to match size of target (16)
Warning (14026): LATCH primitive "ULAn:ula|result[0]" is permanently enabled
Warning (14026): LATCH primitive "ULAn:ula|result[1]" is permanently enabled
Warning (14026): LATCH primitive "ULAn:ula|result[2]" is permanently enabled
Warning (14026): LATCH primitive "ULAn:ula|result[3]" is permanently enabled
Warning (14026): LATCH primitive "ULAn:ula|result[4]" is permanently enabled
Warning (14026): LATCH primitive "ULAn:ula|result[5]" is permanently enabled
Warning (14026): LATCH primitive "ULAn:ula|result[6]" is permanently enabled
Warning (14026): LATCH primitive "ULAn:ula|result[7]" is permanently enabled
Warning (14026): LATCH primitive "ULAn:ula|result[8]" is permanently enabled
Warning (14026): LATCH primitive "ULAn:ula|result[9]" is permanently enabled
Warning (14026): LATCH primitive "ULAn:ula|result[10]" is permanently enabled
Warning (14026): LATCH primitive "ULAn:ula|result[11]" is permanently enabled
Warning (14026): LATCH primitive "ULAn:ula|result[12]" is permanently enabled
Warning (14026): LATCH primitive "ULAn:ula|result[13]" is permanently enabled
Warning (14026): LATCH primitive "ULAn:ula|result[14]" is permanently enabled
Warning (14026): LATCH primitive "ULAn:ula|result[15]" is permanently enabled
Warning (12241): 2 hierarchies have connectivity warnings - see the Connectivity Checks report folder
Warning (13012): Latch Select[3] has unsafe behavior
    Warning (13013): Ports D and ENA on the latch are fed by the same signal Tstep_Q.T5
Warning (13012): Latch Select[1] has unsafe behavior
    Warning (13013): Ports D and ENA on the latch are fed by the same signal regn:reg_IR|dado[14]
Warning (13012): Latch Select[0] has unsafe behavior
    Warning (13013): Ports D and ENA on the latch are fed by the same signal regn:reg_IR|dado[14]
Warning (13012): Latch Select[2] has unsafe behavior
    Warning (13013): Ports D and ENA on the latch are fed by the same signal Tstep_Q.T4
Warning (13012): Latch ALU_op[1] has unsafe behavior
    Warning (13013): Ports D and ENA on the latch are fed by the same signal regn:reg_IR|dado[15]
Warning (13012): Latch ALU_op[0] has unsafe behavior
    Warning (13013): Ports D and ENA on the latch are fed by the same signal regn:reg_IR|dado[14]
Warning (13012): Latch dec3to8:decX|Y[1] has unsafe behavior
    Warning (13013): Ports D and ENA on the latch are fed by the same signal regn:reg_IR|dado[11]
Warning (13012): Latch dec3to8:decX|Y[2] has unsafe behavior
    Warning (13013): Ports D and ENA on the latch are fed by the same signal regn:reg_IR|dado[11]
Warning (13012): Latch dec3to8:decX|Y[0] has unsafe behavior
    Warning (13013): Ports D and ENA on the latch are fed by the same signal regn:reg_IR|dado[11]
Warning (13012): Latch dec3to8:decX|Y[3] has unsafe behavior
    Warning (13013): Ports D and ENA on the latch are fed by the same signal regn:reg_IR|dado[10]
Warning (13012): Latch dec3to8:decX|Y[6] has unsafe behavior
    Warning (13013): Ports D and ENA on the latch are fed by the same signal regn:reg_IR|dado[11]
Warning (13012): Latch dec3to8:decX|Y[5] has unsafe behavior
    Warning (13013): Ports D and ENA on the latch are fed by the same signal regn:reg_IR|dado[11]
Warning (13012): Latch dec3to8:decX|Y[4] has unsafe behavior
    Warning (13013): Ports D and ENA on the latch are fed by the same signal regn:reg_IR|dado[11]
Info (17049): 3 registers lost all their fanouts during netlist optimizations.
Info (144001): Generated suppressed messages file C:/ProgramasCEFET/quartus/AOC II/pratica2/output_files/pratica2.map.smsg
Info (16010): Generating hard_block partition "hard_block:auto_generated_inst"
    Info (16011): Adding 0 node(s), including 0 DDIO, 0 PLL, 0 transceiver and 0 LCELL
Info (21057): Implemented 744 device resources after synthesis - the final resource count might be different
    Info (21058): Implemented 3 input pins
    Info (21059): Implemented 1 output pins
    Info (21061): Implemented 708 logic cells
    Info (21064): Implemented 32 RAM segments
Info: Quartus II 64-Bit Analysis & Synthesis was successful. 0 errors, 51 warnings
    Info: Peak virtual memory: 4619 megabytes
    Info: Processing ended: Sat Oct 08 00:53:53 2022
    Info: Elapsed time: 00:00:04
    Info: Total CPU time (on all processors): 00:00:04


+------------------------------------------+
; Analysis & Synthesis Suppressed Messages ;
+------------------------------------------+
The suppressed messages can be found in C:/ProgramasCEFET/quartus/AOC II/pratica2/output_files/pratica2.map.smsg.


