Analysis & Synthesis report for pratica2_final
Thu Oct 13 20:20:09 2022
Quartus II 64-Bit Version 13.0.1 Build 232 06/12/2013 Service Pack 1 SJ Web Edition


---------------------
; Table of Contents ;
---------------------
  1. Legal Notice
  2. Analysis & Synthesis Summary
  3. Analysis & Synthesis Settings
  4. Parallel Compilation
  5. Analysis & Synthesis Source Files Read
  6. Analysis & Synthesis Resource Usage Summary
  7. Analysis & Synthesis Resource Utilization by Entity
  8. Analysis & Synthesis RAM Summary
  9. Analysis & Synthesis IP Cores Summary
 10. State Machine - |pratica2_final|proc2:proc|Tstep_Q
 11. User-Specified and Inferred Latches
 12. Registers Removed During Synthesis
 13. General Register Statistics
 14. Multiplexer Restructuring Statistics (Restructuring Performed)
 15. Source assignments for proc2:proc|ram:memDados|altsyncram:altsyncram_component|altsyncram_l4d1:auto_generated
 16. Source assignments for proc2:proc|rom:memInst|altsyncram:altsyncram_component|altsyncram_f281:auto_generated
 17. Parameter Settings for User Entity Instance: Clock_divider:divider
 18. Parameter Settings for User Entity Instance: proc2:proc
 19. Parameter Settings for User Entity Instance: proc2:proc|ram:memDados|altsyncram:altsyncram_component
 20. Parameter Settings for User Entity Instance: proc2:proc|rom:memInst|altsyncram:altsyncram_component
 21. Parameter Settings for User Entity Instance: proc2:proc|barrel:barrelShifter
 22. altsyncram Parameter Settings by Entity Instance
 23. Port Connectivity Checks: "proc2:proc|rom:memInst"
 24. Port Connectivity Checks: "proc2:proc|ram:memDados"
 25. Port Connectivity Checks: "proc2:proc"
 26. Elapsed Time Per Partition
 27. Analysis & Synthesis Messages
 28. Analysis & Synthesis Suppressed Messages



----------------
; Legal Notice ;
----------------
Copyright (C) 1991-2013 Altera Corporation
Your use of Altera Corporation's design tools, logic functions 
and other software and tools, and its AMPP partner logic 
functions, and any output files from any of the foregoing 
(including device programming or simulation files), and any 
associated documentation or information are expressly subject 
to the terms and conditions of the Altera Program License 
Subscription Agreement, Altera MegaCore Function License 
Agreement, or other applicable license agreement, including, 
without limitation, that your use is for the sole purpose of 
programming logic devices manufactured by Altera and sold by 
Altera or its authorized distributors.  Please refer to the 
applicable agreement for further details.



+--------------------------------------------------------------------------------------+
; Analysis & Synthesis Summary                                                         ;
+------------------------------------+-------------------------------------------------+
; Analysis & Synthesis Status        ; Successful - Thu Oct 13 20:20:09 2022           ;
; Quartus II 64-Bit Version          ; 13.0.1 Build 232 06/12/2013 SP 1 SJ Web Edition ;
; Revision Name                      ; pratica2_final                                  ;
; Top-level Entity Name              ; pratica2_final                                  ;
; Family                             ; Cyclone II                                      ;
; Total logic elements               ; 787                                             ;
;     Total combinational functions  ; 633                                             ;
;     Dedicated logic registers      ; 240                                             ;
; Total registers                    ; 240                                             ;
; Total pins                         ; 83                                              ;
; Total virtual pins                 ; 0                                               ;
; Total memory bits                  ; 4,608                                           ;
; Embedded Multiplier 9-bit elements ; 0                                               ;
; Total PLLs                         ; 0                                               ;
+------------------------------------+-------------------------------------------------+


+----------------------------------------------------------------------------------------------------------------------+
; Analysis & Synthesis Settings                                                                                        ;
+----------------------------------------------------------------------------+--------------------+--------------------+
; Option                                                                     ; Setting            ; Default Value      ;
+----------------------------------------------------------------------------+--------------------+--------------------+
; Device                                                                     ; EP2C35F672C6       ;                    ;
; Top-level entity name                                                      ; pratica2_final     ; pratica2_final     ;
; Family name                                                                ; Cyclone II         ; Cyclone IV GX      ;
; Use smart compilation                                                      ; Off                ; Off                ;
; Enable parallel Assembler and TimeQuest Timing Analyzer during compilation ; On                 ; On                 ;
; Enable compact report table                                                ; Off                ; Off                ;
; Restructure Multiplexers                                                   ; Auto               ; Auto               ;
; Create Debugging Nodes for IP Cores                                        ; Off                ; Off                ;
; Preserve fewer node names                                                  ; On                 ; On                 ;
; Disable OpenCore Plus hardware evaluation                                  ; Off                ; Off                ;
; Verilog Version                                                            ; Verilog_2001       ; Verilog_2001       ;
; VHDL Version                                                               ; VHDL_1993          ; VHDL_1993          ;
; State Machine Processing                                                   ; Auto               ; Auto               ;
; Safe State Machine                                                         ; Off                ; Off                ;
; Extract Verilog State Machines                                             ; On                 ; On                 ;
; Extract VHDL State Machines                                                ; On                 ; On                 ;
; Ignore Verilog initial constructs                                          ; Off                ; Off                ;
; Iteration limit for constant Verilog loops                                 ; 5000               ; 5000               ;
; Iteration limit for non-constant Verilog loops                             ; 250                ; 250                ;
; Add Pass-Through Logic to Inferred RAMs                                    ; On                 ; On                 ;
; Infer RAMs from Raw Logic                                                  ; On                 ; On                 ;
; Parallel Synthesis                                                         ; On                 ; On                 ;
; DSP Block Balancing                                                        ; Auto               ; Auto               ;
; NOT Gate Push-Back                                                         ; On                 ; On                 ;
; Power-Up Don't Care                                                        ; On                 ; On                 ;
; Remove Redundant Logic Cells                                               ; Off                ; Off                ;
; Remove Duplicate Registers                                                 ; On                 ; On                 ;
; Ignore CARRY Buffers                                                       ; Off                ; Off                ;
; Ignore CASCADE Buffers                                                     ; Off                ; Off                ;
; Ignore GLOBAL Buffers                                                      ; Off                ; Off                ;
; Ignore ROW GLOBAL Buffers                                                  ; Off                ; Off                ;
; Ignore LCELL Buffers                                                       ; Off                ; Off                ;
; Ignore SOFT Buffers                                                        ; On                 ; On                 ;
; Limit AHDL Integers to 32 Bits                                             ; Off                ; Off                ;
; Optimization Technique                                                     ; Balanced           ; Balanced           ;
; Carry Chain Length                                                         ; 70                 ; 70                 ;
; Auto Carry Chains                                                          ; On                 ; On                 ;
; Auto Open-Drain Pins                                                       ; On                 ; On                 ;
; Perform WYSIWYG Primitive Resynthesis                                      ; Off                ; Off                ;
; Auto ROM Replacement                                                       ; On                 ; On                 ;
; Auto RAM Replacement                                                       ; On                 ; On                 ;
; Auto Shift Register Replacement                                            ; Auto               ; Auto               ;
; Allow Shift Register Merging across Hierarchies                            ; Auto               ; Auto               ;
; Auto Clock Enable Replacement                                              ; On                 ; On                 ;
; Strict RAM Replacement                                                     ; Off                ; Off                ;
; Allow Synchronous Control Signals                                          ; On                 ; On                 ;
; Force Use of Synchronous Clear Signals                                     ; Off                ; Off                ;
; Auto RAM to Logic Cell Conversion                                          ; Off                ; Off                ;
; Auto Resource Sharing                                                      ; Off                ; Off                ;
; Allow Any RAM Size For Recognition                                         ; Off                ; Off                ;
; Allow Any ROM Size For Recognition                                         ; Off                ; Off                ;
; Allow Any Shift Register Size For Recognition                              ; Off                ; Off                ;
; Use LogicLock Constraints during Resource Balancing                        ; On                 ; On                 ;
; Ignore translate_off and synthesis_off directives                          ; Off                ; Off                ;
; Timing-Driven Synthesis                                                    ; Off                ; Off                ;
; Report Parameter Settings                                                  ; On                 ; On                 ;
; Report Source Assignments                                                  ; On                 ; On                 ;
; Report Connectivity Checks                                                 ; On                 ; On                 ;
; Ignore Maximum Fan-Out Assignments                                         ; Off                ; Off                ;
; Synchronization Register Chain Length                                      ; 2                  ; 2                  ;
; PowerPlay Power Optimization                                               ; Normal compilation ; Normal compilation ;
; HDL message level                                                          ; Level2             ; Level2             ;
; Suppress Register Optimization Related Messages                            ; Off                ; Off                ;
; Number of Removed Registers Reported in Synthesis Report                   ; 5000               ; 5000               ;
; Number of Swept Nodes Reported in Synthesis Report                         ; 5000               ; 5000               ;
; Number of Inverted Registers Reported in Synthesis Report                  ; 100                ; 100                ;
; Clock MUX Protection                                                       ; On                 ; On                 ;
; Auto Gated Clock Conversion                                                ; Off                ; Off                ;
; Block Design Naming                                                        ; Auto               ; Auto               ;
; SDC constraint protection                                                  ; Off                ; Off                ;
; Synthesis Effort                                                           ; Auto               ; Auto               ;
; Shift Register Replacement - Allow Asynchronous Clear Signal               ; On                 ; On                 ;
; Pre-Mapping Resynthesis Optimization                                       ; Off                ; Off                ;
; Analysis & Synthesis Message Level                                         ; Medium             ; Medium             ;
; Disable Register Merging Across Hierarchies                                ; Auto               ; Auto               ;
; Resource Aware Inference For Block RAM                                     ; On                 ; On                 ;
; Synthesis Seed                                                             ; 1                  ; 1                  ;
+----------------------------------------------------------------------------+--------------------+--------------------+


Parallel compilation was disabled, but you have multiple processors available. Enable parallel compilation to reduce compilation time.
+-------------------------------------+
; Parallel Compilation                ;
+----------------------------+--------+
; Processors                 ; Number ;
+----------------------------+--------+
; Number detected on machine ; 8      ;
; Maximum allowed            ; 1      ;
+----------------------------+--------+


+-----------------------------------------------------------------------------------------------------------------------------------------------------------------------------------------------+
; Analysis & Synthesis Source Files Read                                                                                                                                                        ;
+----------------------------------+-----------------+----------------------------------------+---------------------------------------------------------------------------------------+---------+
; File Name with User-Entered Path ; Used in Netlist ; File Type                              ; File Name with Absolute Path                                                          ; Library ;
+----------------------------------+-----------------+----------------------------------------+---------------------------------------------------------------------------------------+---------+
; pratica2_final.v                 ; yes             ; User Verilog HDL File                  ; C:/ProgramasCEFET/quartus/AOC II/LaraGama_LucasSantos_pratica2/pratica2_final.v       ;         ;
; proc2.v                          ; yes             ; User Verilog HDL File                  ; C:/ProgramasCEFET/quartus/AOC II/LaraGama_LucasSantos_pratica2/proc2.v                ;         ;
; rom.v                            ; yes             ; User Wizard-Generated File             ; C:/ProgramasCEFET/quartus/AOC II/LaraGama_LucasSantos_pratica2/rom.v                  ;         ;
; ram.v                            ; yes             ; User Wizard-Generated File             ; C:/ProgramasCEFET/quartus/AOC II/LaraGama_LucasSantos_pratica2/ram.v                  ;         ;
; Clock_divider.v                  ; yes             ; User Verilog HDL File                  ; C:/ProgramasCEFET/quartus/AOC II/LaraGama_LucasSantos_pratica2/Clock_divider.v        ;         ;
; Display.v                        ; yes             ; User Verilog HDL File                  ; C:/ProgramasCEFET/quartus/AOC II/LaraGama_LucasSantos_pratica2/Display.v              ;         ;
; dec3to8.v                        ; yes             ; User Verilog HDL File                  ; C:/ProgramasCEFET/quartus/AOC II/LaraGama_LucasSantos_pratica2/dec3to8.v              ;         ;
; regn.v                           ; yes             ; User Verilog HDL File                  ; C:/ProgramasCEFET/quartus/AOC II/LaraGama_LucasSantos_pratica2/regn.v                 ;         ;
; ULAn.v                           ; yes             ; User Verilog HDL File                  ; C:/ProgramasCEFET/quartus/AOC II/LaraGama_LucasSantos_pratica2/ULAn.v                 ;         ;
; programCounter.v                 ; yes             ; User Verilog HDL File                  ; C:/ProgramasCEFET/quartus/AOC II/LaraGama_LucasSantos_pratica2/programCounter.v       ;         ;
; W.v                              ; yes             ; User Verilog HDL File                  ; C:/ProgramasCEFET/quartus/AOC II/LaraGama_LucasSantos_pratica2/W.v                    ;         ;
; F.v                              ; yes             ; User Verilog HDL File                  ; C:/ProgramasCEFET/quartus/AOC II/LaraGama_LucasSantos_pratica2/F.v                    ;         ;
; barrel.v                         ; yes             ; User Verilog HDL File                  ; C:/ProgramasCEFET/quartus/AOC II/LaraGama_LucasSantos_pratica2/barrel.v               ;         ;
; altsyncram.tdf                   ; yes             ; Megafunction                           ; c:/altera/13.0sp1/quartus/libraries/megafunctions/altsyncram.tdf                      ;         ;
; stratix_ram_block.inc            ; yes             ; Megafunction                           ; c:/altera/13.0sp1/quartus/libraries/megafunctions/stratix_ram_block.inc               ;         ;
; lpm_mux.inc                      ; yes             ; Megafunction                           ; c:/altera/13.0sp1/quartus/libraries/megafunctions/lpm_mux.inc                         ;         ;
; lpm_decode.inc                   ; yes             ; Megafunction                           ; c:/altera/13.0sp1/quartus/libraries/megafunctions/lpm_decode.inc                      ;         ;
; aglobal130.inc                   ; yes             ; Megafunction                           ; c:/altera/13.0sp1/quartus/libraries/megafunctions/aglobal130.inc                      ;         ;
; a_rdenreg.inc                    ; yes             ; Megafunction                           ; c:/altera/13.0sp1/quartus/libraries/megafunctions/a_rdenreg.inc                       ;         ;
; altrom.inc                       ; yes             ; Megafunction                           ; c:/altera/13.0sp1/quartus/libraries/megafunctions/altrom.inc                          ;         ;
; altram.inc                       ; yes             ; Megafunction                           ; c:/altera/13.0sp1/quartus/libraries/megafunctions/altram.inc                          ;         ;
; altdpram.inc                     ; yes             ; Megafunction                           ; c:/altera/13.0sp1/quartus/libraries/megafunctions/altdpram.inc                        ;         ;
; db/altsyncram_l4d1.tdf           ; yes             ; Auto-Generated Megafunction            ; C:/ProgramasCEFET/quartus/AOC II/LaraGama_LucasSantos_pratica2/db/altsyncram_l4d1.tdf ;         ;
; data_mem.mif                     ; yes             ; Auto-Found Memory Initialization File  ; C:/ProgramasCEFET/quartus/AOC II/LaraGama_LucasSantos_pratica2/data_mem.mif           ;         ;
; db/altsyncram_f281.tdf           ; yes             ; Auto-Generated Megafunction            ; C:/ProgramasCEFET/quartus/AOC II/LaraGama_LucasSantos_pratica2/db/altsyncram_f281.tdf ;         ;
; inst_mem4.mif                    ; yes             ; Auto-Found Memory Initialization File  ; C:/ProgramasCEFET/quartus/AOC II/LaraGama_LucasSantos_pratica2/inst_mem4.mif          ;         ;
+----------------------------------+-----------------+----------------------------------------+---------------------------------------------------------------------------------------+---------+


+-------------------------------------------------------------------------------+
; Analysis & Synthesis Resource Usage Summary                                   ;
+---------------------------------------------+---------------------------------+
; Resource                                    ; Usage                           ;
+---------------------------------------------+---------------------------------+
; Estimated Total logic elements              ; 787                             ;
;                                             ;                                 ;
; Total combinational functions               ; 633                             ;
; Logic element usage by number of LUT inputs ;                                 ;
;     -- 4 input functions                    ; 420                             ;
;     -- 3 input functions                    ; 133                             ;
;     -- <=2 input functions                  ; 80                              ;
;                                             ;                                 ;
; Logic elements by mode                      ;                                 ;
;     -- normal mode                          ; 558                             ;
;     -- arithmetic mode                      ; 75                              ;
;                                             ;                                 ;
; Total registers                             ; 240                             ;
;     -- Dedicated logic registers            ; 240                             ;
;     -- I/O registers                        ; 0                               ;
;                                             ;                                 ;
; I/O pins                                    ; 83                              ;
; Total memory bits                           ; 4608                            ;
; Embedded Multiplier 9-bit elements          ; 0                               ;
; Maximum fan-out node                        ; Clock_divider:divider|clock_out ;
; Maximum fan-out                             ; 240                             ;
; Total fan-out                               ; 3307                            ;
; Average fan-out                             ; 3.35                            ;
+---------------------------------------------+---------------------------------+


+----------------------------------------------------------------------------------------------------------------------------------------------------------------------------------------------------------------------------------------------------------------------------------+
; Analysis & Synthesis Resource Utilization by Entity                                                                                                                                                                                                                              ;
+----------------------------------------------+-------------------+--------------+-------------+--------------+---------+-----------+------+--------------+--------------------------------------------------------------------------------------------------------+--------------+
; Compilation Hierarchy Node                   ; LC Combinationals ; LC Registers ; Memory Bits ; DSP Elements ; DSP 9x9 ; DSP 18x18 ; Pins ; Virtual Pins ; Full Hierarchy Name                                                                                    ; Library Name ;
+----------------------------------------------+-------------------+--------------+-------------+--------------+---------+-----------+------+--------------+--------------------------------------------------------------------------------------------------------+--------------+
; |pratica2_final                              ; 633 (0)           ; 240 (0)      ; 4608        ; 0            ; 0       ; 0         ; 83   ; 0            ; |pratica2_final                                                                                        ; work         ;
;    |Clock_divider:divider|                   ; 47 (47)           ; 32 (32)      ; 0           ; 0            ; 0       ; 0         ; 0    ; 0            ; |pratica2_final|Clock_divider:divider                                                                  ; work         ;
;    |Display:D0|                              ; 7 (7)             ; 0 (0)        ; 0           ; 0            ; 0       ; 0         ; 0    ; 0            ; |pratica2_final|Display:D0                                                                             ; work         ;
;    |Display:D1|                              ; 7 (7)             ; 0 (0)        ; 0           ; 0            ; 0       ; 0         ; 0    ; 0            ; |pratica2_final|Display:D1                                                                             ; work         ;
;    |Display:D2|                              ; 7 (7)             ; 0 (0)        ; 0           ; 0            ; 0       ; 0         ; 0    ; 0            ; |pratica2_final|Display:D2                                                                             ; work         ;
;    |Display:D3|                              ; 7 (7)             ; 0 (0)        ; 0           ; 0            ; 0       ; 0         ; 0    ; 0            ; |pratica2_final|Display:D3                                                                             ; work         ;
;    |Display:D4|                              ; 7 (7)             ; 0 (0)        ; 0           ; 0            ; 0       ; 0         ; 0    ; 0            ; |pratica2_final|Display:D4                                                                             ; work         ;
;    |Display:D5|                              ; 7 (7)             ; 0 (0)        ; 0           ; 0            ; 0       ; 0         ; 0    ; 0            ; |pratica2_final|Display:D5                                                                             ; work         ;
;    |Display:D6|                              ; 7 (7)             ; 0 (0)        ; 0           ; 0            ; 0       ; 0         ; 0    ; 0            ; |pratica2_final|Display:D6                                                                             ; work         ;
;    |Display:D7|                              ; 7 (7)             ; 0 (0)        ; 0           ; 0            ; 0       ; 0         ; 0    ; 0            ; |pratica2_final|Display:D7                                                                             ; work         ;
;    |proc2:proc|                              ; 530 (181)         ; 208 (6)      ; 4608        ; 0            ; 0       ; 0         ; 0    ; 0            ; |pratica2_final|proc2:proc                                                                             ; work         ;
;       |F:F_1|                                ; 8 (8)             ; 1 (1)        ; 0           ; 0            ; 0       ; 0         ; 0    ; 0            ; |pratica2_final|proc2:proc|F:F_1                                                                       ; work         ;
;       |ULAn:ula|                             ; 126 (126)         ; 0 (0)        ; 0           ; 0            ; 0       ; 0         ; 0    ; 0            ; |pratica2_final|proc2:proc|ULAn:ula                                                                    ; work         ;
;       |W:wren|                               ; 0 (0)             ; 1 (1)        ; 0           ; 0            ; 0       ; 0         ; 0    ; 0            ; |pratica2_final|proc2:proc|W:wren                                                                      ; work         ;
;       |barrel:barrelShifter|                 ; 182 (182)         ; 0 (0)        ; 0           ; 0            ; 0       ; 0         ; 0    ; 0            ; |pratica2_final|proc2:proc|barrel:barrelShifter                                                        ; work         ;
;       |dec3to8:decX|                         ; 15 (15)           ; 0 (0)        ; 0           ; 0            ; 0       ; 0         ; 0    ; 0            ; |pratica2_final|proc2:proc|dec3to8:decX                                                                ; work         ;
;       |programCounter:PC_1|                  ; 18 (18)           ; 16 (16)      ; 0           ; 0            ; 0       ; 0         ; 0    ; 0            ; |pratica2_final|proc2:proc|programCounter:PC_1                                                         ; work         ;
;       |ram:memDados|                         ; 0 (0)             ; 0 (0)        ; 4096        ; 0            ; 0       ; 0         ; 0    ; 0            ; |pratica2_final|proc2:proc|ram:memDados                                                                ; work         ;
;          |altsyncram:altsyncram_component|   ; 0 (0)             ; 0 (0)        ; 4096        ; 0            ; 0       ; 0         ; 0    ; 0            ; |pratica2_final|proc2:proc|ram:memDados|altsyncram:altsyncram_component                                ; work         ;
;             |altsyncram_l4d1:auto_generated| ; 0 (0)             ; 0 (0)        ; 4096        ; 0            ; 0       ; 0         ; 0    ; 0            ; |pratica2_final|proc2:proc|ram:memDados|altsyncram:altsyncram_component|altsyncram_l4d1:auto_generated ; work         ;
;       |regn:ADDR|                            ; 0 (0)             ; 8 (8)        ; 0           ; 0            ; 0       ; 0         ; 0    ; 0            ; |pratica2_final|proc2:proc|regn:ADDR                                                                   ; work         ;
;       |regn:DOUT|                            ; 0 (0)             ; 16 (16)      ; 0           ; 0            ; 0       ; 0         ; 0    ; 0            ; |pratica2_final|proc2:proc|regn:DOUT                                                                   ; work         ;
;       |regn:reg_0|                           ; 0 (0)             ; 16 (16)      ; 0           ; 0            ; 0       ; 0         ; 0    ; 0            ; |pratica2_final|proc2:proc|regn:reg_0                                                                  ; work         ;
;       |regn:reg_1|                           ; 0 (0)             ; 16 (16)      ; 0           ; 0            ; 0       ; 0         ; 0    ; 0            ; |pratica2_final|proc2:proc|regn:reg_1                                                                  ; work         ;
;       |regn:reg_2|                           ; 0 (0)             ; 16 (16)      ; 0           ; 0            ; 0       ; 0         ; 0    ; 0            ; |pratica2_final|proc2:proc|regn:reg_2                                                                  ; work         ;
;       |regn:reg_3|                           ; 0 (0)             ; 16 (16)      ; 0           ; 0            ; 0       ; 0         ; 0    ; 0            ; |pratica2_final|proc2:proc|regn:reg_3                                                                  ; work         ;
;       |regn:reg_4|                           ; 0 (0)             ; 16 (16)      ; 0           ; 0            ; 0       ; 0         ; 0    ; 0            ; |pratica2_final|proc2:proc|regn:reg_4                                                                  ; work         ;
;       |regn:reg_5|                           ; 0 (0)             ; 16 (16)      ; 0           ; 0            ; 0       ; 0         ; 0    ; 0            ; |pratica2_final|proc2:proc|regn:reg_5                                                                  ; work         ;
;       |regn:reg_6|                           ; 0 (0)             ; 16 (16)      ; 0           ; 0            ; 0       ; 0         ; 0    ; 0            ; |pratica2_final|proc2:proc|regn:reg_6                                                                  ; work         ;
;       |regn:reg_A|                           ; 0 (0)             ; 16 (16)      ; 0           ; 0            ; 0       ; 0         ; 0    ; 0            ; |pratica2_final|proc2:proc|regn:reg_A                                                                  ; work         ;
;       |regn:reg_G|                           ; 0 (0)             ; 16 (16)      ; 0           ; 0            ; 0       ; 0         ; 0    ; 0            ; |pratica2_final|proc2:proc|regn:reg_G                                                                  ; work         ;
;       |regn:reg_IR|                          ; 0 (0)             ; 16 (16)      ; 0           ; 0            ; 0       ; 0         ; 0    ; 0            ; |pratica2_final|proc2:proc|regn:reg_IR                                                                 ; work         ;
;       |rom:memInst|                          ; 0 (0)             ; 0 (0)        ; 512         ; 0            ; 0       ; 0         ; 0    ; 0            ; |pratica2_final|proc2:proc|rom:memInst                                                                 ; work         ;
;          |altsyncram:altsyncram_component|   ; 0 (0)             ; 0 (0)        ; 512         ; 0            ; 0       ; 0         ; 0    ; 0            ; |pratica2_final|proc2:proc|rom:memInst|altsyncram:altsyncram_component                                 ; work         ;
;             |altsyncram_f281:auto_generated| ; 0 (0)             ; 0 (0)        ; 512         ; 0            ; 0       ; 0         ; 0    ; 0            ; |pratica2_final|proc2:proc|rom:memInst|altsyncram:altsyncram_component|altsyncram_f281:auto_generated  ; work         ;
+----------------------------------------------+-------------------+--------------+-------------+--------------+---------+-----------+------+--------------+--------------------------------------------------------------------------------------------------------+--------------+
Note: For table entries with two numbers listed, the numbers in parentheses indicate the number of resources of the given type used by the specific entity alone. The numbers listed outside of parentheses indicate the total resources of the given type used by the specific entity and all of its sub-entities in the hierarchy.


+-----------------------------------------------------------------------------------------------------------------------------------------------------------------------------------------------------------+
; Analysis & Synthesis RAM Summary                                                                                                                                                                          ;
+---------------------------------------------------------------------------------------------------+------+-------------+--------------+--------------+--------------+--------------+------+---------------+
; Name                                                                                              ; Type ; Mode        ; Port A Depth ; Port A Width ; Port B Depth ; Port B Width ; Size ; MIF           ;
+---------------------------------------------------------------------------------------------------+------+-------------+--------------+--------------+--------------+--------------+------+---------------+
; proc2:proc|ram:memDados|altsyncram:altsyncram_component|altsyncram_l4d1:auto_generated|ALTSYNCRAM ; AUTO ; Single Port ; 256          ; 16           ; --           ; --           ; 4096 ; data_mem.mif  ;
; proc2:proc|rom:memInst|altsyncram:altsyncram_component|altsyncram_f281:auto_generated|ALTSYNCRAM  ; AUTO ; ROM         ; 32           ; 16           ; --           ; --           ; 512  ; inst_mem4.mif ;
+---------------------------------------------------------------------------------------------------+------+-------------+--------------+--------------+--------------+--------------+------+---------------+


+--------------------------------------------------------------------------------------------------------------------------------------------------------------------------------+
; Analysis & Synthesis IP Cores Summary                                                                                                                                          ;
+--------+--------------+---------+--------------+--------------+-----------------------------------------+----------------------------------------------------------------------+
; Vendor ; IP Core Name ; Version ; Release Date ; License Type ; Entity Instance                         ; IP Include File                                                      ;
+--------+--------------+---------+--------------+--------------+-----------------------------------------+----------------------------------------------------------------------+
; Altera ; RAM: 1-PORT  ; 13.0    ; N/A          ; N/A          ; |pratica2_final|proc2:proc|ram:memDados ; C:/ProgramasCEFET/quartus/AOC II/LaraGama_LucasSantos_pratica2/ram.v ;
; Altera ; ROM: 1-PORT  ; 13.0    ; N/A          ; N/A          ; |pratica2_final|proc2:proc|rom:memInst  ; C:/ProgramasCEFET/quartus/AOC II/LaraGama_LucasSantos_pratica2/rom.v ;
+--------+--------------+---------+--------------+--------------+-----------------------------------------+----------------------------------------------------------------------+


Encoding Type:  One-Hot
+------------------------------------------------------------------------------------------+
; State Machine - |pratica2_final|proc2:proc|Tstep_Q                                       ;
+------------+------------+------------+------------+------------+------------+------------+
; Name       ; Tstep_Q.T5 ; Tstep_Q.T4 ; Tstep_Q.T3 ; Tstep_Q.T2 ; Tstep_Q.T1 ; Tstep_Q.T0 ;
+------------+------------+------------+------------+------------+------------+------------+
; Tstep_Q.T0 ; 0          ; 0          ; 0          ; 0          ; 0          ; 0          ;
; Tstep_Q.T1 ; 0          ; 0          ; 0          ; 0          ; 1          ; 1          ;
; Tstep_Q.T2 ; 0          ; 0          ; 0          ; 1          ; 0          ; 1          ;
; Tstep_Q.T3 ; 0          ; 0          ; 1          ; 0          ; 0          ; 1          ;
; Tstep_Q.T4 ; 0          ; 1          ; 0          ; 0          ; 0          ; 1          ;
; Tstep_Q.T5 ; 1          ; 0          ; 0          ; 0          ; 0          ; 1          ;
+------------+------------+------------+------------+------------+------------+------------+


+-------------------------------------------------------------------------------------------------------------+
; User-Specified and Inferred Latches                                                                         ;
+-----------------------------------------------------+------------------------------+------------------------+
; Latch Name                                          ; Latch Enable Signal          ; Free of Timing Hazards ;
+-----------------------------------------------------+------------------------------+------------------------+
; proc2:proc|Select[1]                                ; proc2:proc|Selector1         ; yes                    ;
; proc2:proc|Select[0]                                ; proc2:proc|Selector1         ; yes                    ;
; proc2:proc|Select[2]                                ; proc2:proc|Selector1         ; yes                    ;
; proc2:proc|Select[3]                                ; proc2:proc|Selector1         ; yes                    ;
; proc2:proc|dec3to8:decX|Y[0]                        ; proc2:proc|dec3to8:decX|Mux0 ; yes                    ;
; proc2:proc|ALU_op[1]                                ; proc2:proc|G_in              ; yes                    ;
; proc2:proc|ALU_op[0]                                ; proc2:proc|G_in              ; yes                    ;
; proc2:proc|dec3to8:decX|Y[1]                        ; proc2:proc|dec3to8:decX|Mux0 ; yes                    ;
; proc2:proc|dec3to8:decX|Y[2]                        ; proc2:proc|dec3to8:decX|Mux0 ; yes                    ;
; proc2:proc|dec3to8:decX|Y[3]                        ; proc2:proc|dec3to8:decX|Mux0 ; yes                    ;
; proc2:proc|dec3to8:decX|Y[6]                        ; proc2:proc|dec3to8:decX|Mux0 ; yes                    ;
; proc2:proc|dec3to8:decX|Y[5]                        ; proc2:proc|dec3to8:decX|Mux0 ; yes                    ;
; proc2:proc|dec3to8:decX|Y[4]                        ; proc2:proc|dec3to8:decX|Mux0 ; yes                    ;
; Number of user-specified and inferred latches = 13  ;                              ;                        ;
+-----------------------------------------------------+------------------------------+------------------------+
Note: All latches listed above may not be present at the end of synthesis due to various synthesis optimizations.


+------------------------------------------------------------+
; Registers Removed During Synthesis                         ;
+---------------------------------------+--------------------+
; Register name                         ; Reason for Removal ;
+---------------------------------------+--------------------+
; proc2:proc|Tstep_Q~4                  ; Lost fanout        ;
; proc2:proc|Tstep_Q~5                  ; Lost fanout        ;
; proc2:proc|Tstep_Q~6                  ; Lost fanout        ;
; Total Number of Removed Registers = 3 ;                    ;
+---------------------------------------+--------------------+


+------------------------------------------------------+
; General Register Statistics                          ;
+----------------------------------------------+-------+
; Statistic                                    ; Value ;
+----------------------------------------------+-------+
; Total registers                              ; 240   ;
; Number of registers using Synchronous Clear  ; 31    ;
; Number of registers using Synchronous Load   ; 16    ;
; Number of registers using Asynchronous Clear ; 0     ;
; Number of registers using Asynchronous Load  ; 0     ;
; Number of registers using Clock Enable       ; 200   ;
; Number of registers using Preset             ; 0     ;
+----------------------------------------------+-------+


+---------------------------------------------------------------------------------------------------------------------------------------------------------------------------+
; Multiplexer Restructuring Statistics (Restructuring Performed)                                                                                                            ;
+--------------------+-----------+---------------+----------------------+------------------------+------------+-------------------------------------------------------------+
; Multiplexer Inputs ; Bus Width ; Baseline Area ; Area if Restructured ; Saving if Restructured ; Registered ; Example Multiplexer Output                                  ;
+--------------------+-----------+---------------+----------------------+------------------------+------------+-------------------------------------------------------------+
; 3:1                ; 16 bits   ; 32 LEs        ; 16 LEs               ; 16 LEs                 ; Yes        ; |pratica2_final|proc2:proc|programCounter:PC_1|pc[7]        ;
; 3:1                ; 2 bits    ; 4 LEs         ; 4 LEs                ; 0 LEs                  ; No         ; |pratica2_final|proc2:proc|barrel:barrelShifter|ShiftRight0 ;
; 3:1                ; 8 bits    ; 16 LEs        ; 8 LEs                ; 8 LEs                  ; No         ; |pratica2_final|proc2:proc|barrel:barrelShifter|ShiftLeft1  ;
; 4:1                ; 4 bits    ; 8 LEs         ; 8 LEs                ; 0 LEs                  ; No         ; |pratica2_final|proc2:proc|barrel:barrelShifter|ShiftLeft1  ;
; 12:1               ; 8 bits    ; 64 LEs        ; 56 LEs               ; 8 LEs                  ; No         ; |pratica2_final|proc2:proc|Mux34                            ;
; 12:1               ; 8 bits    ; 64 LEs        ; 64 LEs               ; 0 LEs                  ; No         ; |pratica2_final|proc2:proc|Mux19                            ;
; 5:1                ; 4 bits    ; 12 LEs        ; 12 LEs               ; 0 LEs                  ; No         ; |pratica2_final|proc2:proc|barrel:barrelShifter|ShiftLeft1  ;
; 9:1                ; 7 bits    ; 42 LEs        ; 28 LEs               ; 14 LEs                 ; No         ; |pratica2_final|proc2:proc|ULAn:ula|result[7]               ;
; 10:1               ; 4 bits    ; 24 LEs        ; 24 LEs               ; 0 LEs                  ; No         ; |pratica2_final|proc2:proc|ULAn:ula|result[9]               ;
; 11:1               ; 3 bits    ; 21 LEs        ; 18 LEs               ; 3 LEs                  ; No         ; |pratica2_final|proc2:proc|ULAn:ula|result[14]              ;
+--------------------+-----------+---------------+----------------------+------------------------+------------+-------------------------------------------------------------+


+---------------------------------------------------------------------------------------------------------------+
; Source assignments for proc2:proc|ram:memDados|altsyncram:altsyncram_component|altsyncram_l4d1:auto_generated ;
+---------------------------------+--------------------+------+-------------------------------------------------+
; Assignment                      ; Value              ; From ; To                                              ;
+---------------------------------+--------------------+------+-------------------------------------------------+
; OPTIMIZE_POWER_DURING_SYNTHESIS ; NORMAL_COMPILATION ; -    ; -                                               ;
+---------------------------------+--------------------+------+-------------------------------------------------+


+--------------------------------------------------------------------------------------------------------------+
; Source assignments for proc2:proc|rom:memInst|altsyncram:altsyncram_component|altsyncram_f281:auto_generated ;
+---------------------------------+--------------------+------+------------------------------------------------+
; Assignment                      ; Value              ; From ; To                                             ;
+---------------------------------+--------------------+------+------------------------------------------------+
; OPTIMIZE_POWER_DURING_SYNTHESIS ; NORMAL_COMPILATION ; -    ; -                                              ;
+---------------------------------+--------------------+------+------------------------------------------------+


+--------------------------------------------------------------------+
; Parameter Settings for User Entity Instance: Clock_divider:divider ;
+----------------+----------+----------------------------------------+
; Parameter Name ; Value    ; Type                                   ;
+----------------+----------+----------------------------------------+
; DIVISOR        ; 50000000 ; Signed Integer                         ;
+----------------+----------+----------------------------------------+
Note: In order to hide this table in the UI and the text report file, please set the "Show Parameter Settings in Synthesis Report" option in "Analysis and Synthesis Settings -> More Settings" to "Off".


+---------------------------------------------------------+
; Parameter Settings for User Entity Instance: proc2:proc ;
+----------------+-------+--------------------------------+
; Parameter Name ; Value ; Type                           ;
+----------------+-------+--------------------------------+
; T0             ; 000   ; Unsigned Binary                ;
; T1             ; 001   ; Unsigned Binary                ;
; T2             ; 010   ; Unsigned Binary                ;
; T3             ; 011   ; Unsigned Binary                ;
; T4             ; 100   ; Unsigned Binary                ;
; T5             ; 101   ; Unsigned Binary                ;
; b              ; 000   ; Unsigned Binary                ;
; beq            ; 001   ; Unsigned Binary                ;
; bne            ; 010   ; Unsigned Binary                ;
; mv             ; 000   ; Unsigned Binary                ;
; mvt_b          ; 001   ; Unsigned Binary                ;
; add            ; 010   ; Unsigned Binary                ;
; sub            ; 011   ; Unsigned Binary                ;
; ld             ; 100   ; Unsigned Binary                ;
; st             ; 101   ; Unsigned Binary                ;
; And            ; 110   ; Unsigned Binary                ;
; shift_rot      ; 111   ; Unsigned Binary                ;
; R0             ; 0000  ; Unsigned Binary                ;
; R1             ; 0001  ; Unsigned Binary                ;
; R2             ; 0010  ; Unsigned Binary                ;
; R3             ; 0011  ; Unsigned Binary                ;
; R4             ; 0100  ; Unsigned Binary                ;
; R5             ; 0101  ; Unsigned Binary                ;
; R6             ; 0110  ; Unsigned Binary                ;
; PC             ; 0111  ; Unsigned Binary                ;
; G              ; 1000  ; Unsigned Binary                ;
; IR8_IR8_0      ; 1001  ; Unsigned Binary                ;
; IR7_0_0        ; 1010  ; Unsigned Binary                ;
; data           ; 1011  ; Unsigned Binary                ;
+----------------+-------+--------------------------------+
Note: In order to hide this table in the UI and the text report file, please set the "Show Parameter Settings in Synthesis Report" option in "Analysis and Synthesis Settings -> More Settings" to "Off".


+------------------------------------------------------------------------------------------------------+
; Parameter Settings for User Entity Instance: proc2:proc|ram:memDados|altsyncram:altsyncram_component ;
+------------------------------------+----------------------+------------------------------------------+
; Parameter Name                     ; Value                ; Type                                     ;
+------------------------------------+----------------------+------------------------------------------+
; BYTE_SIZE_BLOCK                    ; 8                    ; Untyped                                  ;
; AUTO_CARRY_CHAINS                  ; ON                   ; AUTO_CARRY                               ;
; IGNORE_CARRY_BUFFERS               ; OFF                  ; IGNORE_CARRY                             ;
; AUTO_CASCADE_CHAINS                ; ON                   ; AUTO_CASCADE                             ;
; IGNORE_CASCADE_BUFFERS             ; OFF                  ; IGNORE_CASCADE                           ;
; WIDTH_BYTEENA                      ; 1                    ; Untyped                                  ;
; OPERATION_MODE                     ; SINGLE_PORT          ; Untyped                                  ;
; WIDTH_A                            ; 16                   ; Signed Integer                           ;
; WIDTHAD_A                          ; 8                    ; Signed Integer                           ;
; NUMWORDS_A                         ; 256                  ; Signed Integer                           ;
; OUTDATA_REG_A                      ; UNREGISTERED         ; Untyped                                  ;
; ADDRESS_ACLR_A                     ; NONE                 ; Untyped                                  ;
; OUTDATA_ACLR_A                     ; NONE                 ; Untyped                                  ;
; WRCONTROL_ACLR_A                   ; NONE                 ; Untyped                                  ;
; INDATA_ACLR_A                      ; NONE                 ; Untyped                                  ;
; BYTEENA_ACLR_A                     ; NONE                 ; Untyped                                  ;
; WIDTH_B                            ; 1                    ; Untyped                                  ;
; WIDTHAD_B                          ; 1                    ; Untyped                                  ;
; NUMWORDS_B                         ; 1                    ; Untyped                                  ;
; INDATA_REG_B                       ; CLOCK1               ; Untyped                                  ;
; WRCONTROL_WRADDRESS_REG_B          ; CLOCK1               ; Untyped                                  ;
; RDCONTROL_REG_B                    ; CLOCK1               ; Untyped                                  ;
; ADDRESS_REG_B                      ; CLOCK1               ; Untyped                                  ;
; OUTDATA_REG_B                      ; UNREGISTERED         ; Untyped                                  ;
; BYTEENA_REG_B                      ; CLOCK1               ; Untyped                                  ;
; INDATA_ACLR_B                      ; NONE                 ; Untyped                                  ;
; WRCONTROL_ACLR_B                   ; NONE                 ; Untyped                                  ;
; ADDRESS_ACLR_B                     ; NONE                 ; Untyped                                  ;
; OUTDATA_ACLR_B                     ; NONE                 ; Untyped                                  ;
; RDCONTROL_ACLR_B                   ; NONE                 ; Untyped                                  ;
; BYTEENA_ACLR_B                     ; NONE                 ; Untyped                                  ;
; WIDTH_BYTEENA_A                    ; 1                    ; Signed Integer                           ;
; WIDTH_BYTEENA_B                    ; 1                    ; Untyped                                  ;
; RAM_BLOCK_TYPE                     ; AUTO                 ; Untyped                                  ;
; BYTE_SIZE                          ; 8                    ; Untyped                                  ;
; READ_DURING_WRITE_MODE_MIXED_PORTS ; DONT_CARE            ; Untyped                                  ;
; READ_DURING_WRITE_MODE_PORT_A      ; NEW_DATA_NO_NBE_READ ; Untyped                                  ;
; READ_DURING_WRITE_MODE_PORT_B      ; NEW_DATA_NO_NBE_READ ; Untyped                                  ;
; INIT_FILE                          ; data_mem.mif         ; Untyped                                  ;
; INIT_FILE_LAYOUT                   ; PORT_A               ; Untyped                                  ;
; MAXIMUM_DEPTH                      ; 0                    ; Untyped                                  ;
; CLOCK_ENABLE_INPUT_A               ; BYPASS               ; Untyped                                  ;
; CLOCK_ENABLE_INPUT_B               ; NORMAL               ; Untyped                                  ;
; CLOCK_ENABLE_OUTPUT_A              ; BYPASS               ; Untyped                                  ;
; CLOCK_ENABLE_OUTPUT_B              ; NORMAL               ; Untyped                                  ;
; CLOCK_ENABLE_CORE_A                ; USE_INPUT_CLKEN      ; Untyped                                  ;
; CLOCK_ENABLE_CORE_B                ; USE_INPUT_CLKEN      ; Untyped                                  ;
; ENABLE_ECC                         ; FALSE                ; Untyped                                  ;
; ECC_PIPELINE_STAGE_ENABLED         ; FALSE                ; Untyped                                  ;
; WIDTH_ECCSTATUS                    ; 3                    ; Untyped                                  ;
; DEVICE_FAMILY                      ; Cyclone II           ; Untyped                                  ;
; CBXI_PARAMETER                     ; altsyncram_l4d1      ; Untyped                                  ;
+------------------------------------+----------------------+------------------------------------------+
Note: In order to hide this table in the UI and the text report file, please set the "Show Parameter Settings in Synthesis Report" option in "Analysis and Synthesis Settings -> More Settings" to "Off".


+-----------------------------------------------------------------------------------------------------+
; Parameter Settings for User Entity Instance: proc2:proc|rom:memInst|altsyncram:altsyncram_component ;
+------------------------------------+----------------------+-----------------------------------------+
; Parameter Name                     ; Value                ; Type                                    ;
+------------------------------------+----------------------+-----------------------------------------+
; BYTE_SIZE_BLOCK                    ; 8                    ; Untyped                                 ;
; AUTO_CARRY_CHAINS                  ; ON                   ; AUTO_CARRY                              ;
; IGNORE_CARRY_BUFFERS               ; OFF                  ; IGNORE_CARRY                            ;
; AUTO_CASCADE_CHAINS                ; ON                   ; AUTO_CASCADE                            ;
; IGNORE_CASCADE_BUFFERS             ; OFF                  ; IGNORE_CASCADE                          ;
; WIDTH_BYTEENA                      ; 1                    ; Untyped                                 ;
; OPERATION_MODE                     ; ROM                  ; Untyped                                 ;
; WIDTH_A                            ; 16                   ; Signed Integer                          ;
; WIDTHAD_A                          ; 5                    ; Signed Integer                          ;
; NUMWORDS_A                         ; 32                   ; Signed Integer                          ;
; OUTDATA_REG_A                      ; UNREGISTERED         ; Untyped                                 ;
; ADDRESS_ACLR_A                     ; NONE                 ; Untyped                                 ;
; OUTDATA_ACLR_A                     ; NONE                 ; Untyped                                 ;
; WRCONTROL_ACLR_A                   ; NONE                 ; Untyped                                 ;
; INDATA_ACLR_A                      ; NONE                 ; Untyped                                 ;
; BYTEENA_ACLR_A                     ; NONE                 ; Untyped                                 ;
; WIDTH_B                            ; 1                    ; Untyped                                 ;
; WIDTHAD_B                          ; 1                    ; Untyped                                 ;
; NUMWORDS_B                         ; 1                    ; Untyped                                 ;
; INDATA_REG_B                       ; CLOCK1               ; Untyped                                 ;
; WRCONTROL_WRADDRESS_REG_B          ; CLOCK1               ; Untyped                                 ;
; RDCONTROL_REG_B                    ; CLOCK1               ; Untyped                                 ;
; ADDRESS_REG_B                      ; CLOCK1               ; Untyped                                 ;
; OUTDATA_REG_B                      ; UNREGISTERED         ; Untyped                                 ;
; BYTEENA_REG_B                      ; CLOCK1               ; Untyped                                 ;
; INDATA_ACLR_B                      ; NONE                 ; Untyped                                 ;
; WRCONTROL_ACLR_B                   ; NONE                 ; Untyped                                 ;
; ADDRESS_ACLR_B                     ; NONE                 ; Untyped                                 ;
; OUTDATA_ACLR_B                     ; NONE                 ; Untyped                                 ;
; RDCONTROL_ACLR_B                   ; NONE                 ; Untyped                                 ;
; BYTEENA_ACLR_B                     ; NONE                 ; Untyped                                 ;
; WIDTH_BYTEENA_A                    ; 1                    ; Signed Integer                          ;
; WIDTH_BYTEENA_B                    ; 1                    ; Untyped                                 ;
; RAM_BLOCK_TYPE                     ; AUTO                 ; Untyped                                 ;
; BYTE_SIZE                          ; 8                    ; Untyped                                 ;
; READ_DURING_WRITE_MODE_MIXED_PORTS ; DONT_CARE            ; Untyped                                 ;
; READ_DURING_WRITE_MODE_PORT_A      ; NEW_DATA_NO_NBE_READ ; Untyped                                 ;
; READ_DURING_WRITE_MODE_PORT_B      ; NEW_DATA_NO_NBE_READ ; Untyped                                 ;
; INIT_FILE                          ; inst_mem4.mif        ; Untyped                                 ;
; INIT_FILE_LAYOUT                   ; PORT_A               ; Untyped                                 ;
; MAXIMUM_DEPTH                      ; 0                    ; Untyped                                 ;
; CLOCK_ENABLE_INPUT_A               ; BYPASS               ; Untyped                                 ;
; CLOCK_ENABLE_INPUT_B               ; NORMAL               ; Untyped                                 ;
; CLOCK_ENABLE_OUTPUT_A              ; BYPASS               ; Untyped                                 ;
; CLOCK_ENABLE_OUTPUT_B              ; NORMAL               ; Untyped                                 ;
; CLOCK_ENABLE_CORE_A                ; USE_INPUT_CLKEN      ; Untyped                                 ;
; CLOCK_ENABLE_CORE_B                ; USE_INPUT_CLKEN      ; Untyped                                 ;
; ENABLE_ECC                         ; FALSE                ; Untyped                                 ;
; ECC_PIPELINE_STAGE_ENABLED         ; FALSE                ; Untyped                                 ;
; WIDTH_ECCSTATUS                    ; 3                    ; Untyped                                 ;
; DEVICE_FAMILY                      ; Cyclone II           ; Untyped                                 ;
; CBXI_PARAMETER                     ; altsyncram_f281      ; Untyped                                 ;
+------------------------------------+----------------------+-----------------------------------------+
Note: In order to hide this table in the UI and the text report file, please set the "Show Parameter Settings in Synthesis Report" option in "Analysis and Synthesis Settings -> More Settings" to "Off".


+------------------------------------------------------------------------------+
; Parameter Settings for User Entity Instance: proc2:proc|barrel:barrelShifter ;
+----------------+-------+-----------------------------------------------------+
; Parameter Name ; Value ; Type                                                ;
+----------------+-------+-----------------------------------------------------+
; lsl            ; 00    ; Unsigned Binary                                     ;
; lsr            ; 01    ; Unsigned Binary                                     ;
; asr            ; 10    ; Unsigned Binary                                     ;
; ror            ; 11    ; Unsigned Binary                                     ;
+----------------+-------+-----------------------------------------------------+
Note: In order to hide this table in the UI and the text report file, please set the "Show Parameter Settings in Synthesis Report" option in "Analysis and Synthesis Settings -> More Settings" to "Off".


+-----------------------------------------------------------------------------------------------------+
; altsyncram Parameter Settings by Entity Instance                                                    ;
+-------------------------------------------+---------------------------------------------------------+
; Name                                      ; Value                                                   ;
+-------------------------------------------+---------------------------------------------------------+
; Number of entity instances                ; 2                                                       ;
; Entity Instance                           ; proc2:proc|ram:memDados|altsyncram:altsyncram_component ;
;     -- OPERATION_MODE                     ; SINGLE_PORT                                             ;
;     -- WIDTH_A                            ; 16                                                      ;
;     -- NUMWORDS_A                         ; 256                                                     ;
;     -- OUTDATA_REG_A                      ; UNREGISTERED                                            ;
;     -- WIDTH_B                            ; 1                                                       ;
;     -- NUMWORDS_B                         ; 1                                                       ;
;     -- ADDRESS_REG_B                      ; CLOCK1                                                  ;
;     -- OUTDATA_REG_B                      ; UNREGISTERED                                            ;
;     -- RAM_BLOCK_TYPE                     ; AUTO                                                    ;
;     -- READ_DURING_WRITE_MODE_MIXED_PORTS ; DONT_CARE                                               ;
; Entity Instance                           ; proc2:proc|rom:memInst|altsyncram:altsyncram_component  ;
;     -- OPERATION_MODE                     ; ROM                                                     ;
;     -- WIDTH_A                            ; 16                                                      ;
;     -- NUMWORDS_A                         ; 32                                                      ;
;     -- OUTDATA_REG_A                      ; UNREGISTERED                                            ;
;     -- WIDTH_B                            ; 1                                                       ;
;     -- NUMWORDS_B                         ; 1                                                       ;
;     -- ADDRESS_REG_B                      ; CLOCK1                                                  ;
;     -- OUTDATA_REG_B                      ; UNREGISTERED                                            ;
;     -- RAM_BLOCK_TYPE                     ; AUTO                                                    ;
;     -- READ_DURING_WRITE_MODE_MIXED_PORTS ; DONT_CARE                                               ;
+-------------------------------------------+---------------------------------------------------------+


+-----------------------------------------------------------------------------------------------------------------------------------------------------------------------------------------------------------------+
; Port Connectivity Checks: "proc2:proc|rom:memInst"                                                                                                                                                              ;
+---------+-------+----------+------------------------------------------------------------------------------------------------------------------------------------------------------------------------------------+
; Port    ; Type  ; Severity ; Details                                                                                                                                                                            ;
+---------+-------+----------+------------------------------------------------------------------------------------------------------------------------------------------------------------------------------------+
; address ; Input ; Warning  ; Input port expression (32 bits) is wider than the input port (5 bits) it drives.  The 27 most-significant bit(s) in the expression will be dangling if they have no other fanouts. ;
+---------+-------+----------+------------------------------------------------------------------------------------------------------------------------------------------------------------------------------------+


+----------------------------------------------------------------------------------------------------------------------------------------------------------------------------------------------------------------+
; Port Connectivity Checks: "proc2:proc|ram:memDados"                                                                                                                                                            ;
+---------+-------+----------+-----------------------------------------------------------------------------------------------------------------------------------------------------------------------------------+
; Port    ; Type  ; Severity ; Details                                                                                                                                                                           ;
+---------+-------+----------+-----------------------------------------------------------------------------------------------------------------------------------------------------------------------------------+
; address ; Input ; Warning  ; Input port expression (16 bits) is wider than the input port (8 bits) it drives.  The 8 most-significant bit(s) in the expression will be dangling if they have no other fanouts. ;
+---------+-------+----------+-----------------------------------------------------------------------------------------------------------------------------------------------------------------------------------+


+---------------------------------------------------------------------------------------------------------------------------------------------------------------------------------------------------------------------+
; Port Connectivity Checks: "proc2:proc"                                                                                                                                                                              ;
+------------+--------+----------+------------------------------------------------------------------------------------------------------------------------------------------------------------------------------------+
; Port       ; Type   ; Severity ; Details                                                                                                                                                                            ;
+------------+--------+----------+------------------------------------------------------------------------------------------------------------------------------------------------------------------------------------+
; Resetn     ; Input  ; Warning  ; Input port expression (32 bits) is wider than the input port (1 bits) it drives.  The 31 most-significant bit(s) in the expression will be dangling if they have no other fanouts. ;
; Resetn[-1] ; Input  ; Info     ; Stuck at VCC                                                                                                                                                                       ;
; Run        ; Input  ; Warning  ; Input port expression (32 bits) is wider than the input port (1 bits) it drives.  The 31 most-significant bit(s) in the expression will be dangling if they have no other fanouts. ;
; Run[-1]    ; Input  ; Info     ; Stuck at VCC                                                                                                                                                                       ;
; _r1        ; Output ; Info     ; Connected to dangling logic. Logic that only feeds a dangling port will be removed.                                                                                                ;
; _r2        ; Output ; Info     ; Connected to dangling logic. Logic that only feeds a dangling port will be removed.                                                                                                ;
; _r3        ; Output ; Info     ; Connected to dangling logic. Logic that only feeds a dangling port will be removed.                                                                                                ;
; _r4        ; Output ; Info     ; Connected to dangling logic. Logic that only feeds a dangling port will be removed.                                                                                                ;
+------------+--------+----------+------------------------------------------------------------------------------------------------------------------------------------------------------------------------------------+


+-------------------------------+
; Elapsed Time Per Partition    ;
+----------------+--------------+
; Partition Name ; Elapsed Time ;
+----------------+--------------+
; Top            ; 00:00:02     ;
+----------------+--------------+


+-------------------------------+
; Analysis & Synthesis Messages ;
+-------------------------------+
Info: *******************************************************************
Info: Running Quartus II 64-Bit Analysis & Synthesis
    Info: Version 13.0.1 Build 232 06/12/2013 Service Pack 1 SJ Web Edition
    Info: Processing started: Thu Oct 13 20:20:04 2022
Info: Command: quartus_map --read_settings_files=on --write_settings_files=off pratica2_final -c pratica2_final
Warning (20028): Parallel compilation is not licensed and has been disabled
Info (12021): Found 1 design units, including 1 entities, in source file pratica2_final.v
    Info (12023): Found entity 1: pratica2_final
Info (12021): Found 1 design units, including 1 entities, in source file proc2.v
    Info (12023): Found entity 1: proc2
Info (12021): Found 1 design units, including 1 entities, in source file testbench.v
    Info (12023): Found entity 1: testbench
Info (12021): Found 1 design units, including 1 entities, in source file rom.v
    Info (12023): Found entity 1: rom
Info (12021): Found 1 design units, including 1 entities, in source file ram.v
    Info (12023): Found entity 1: ram
Info (12021): Found 1 design units, including 1 entities, in source file clock_divider.v
    Info (12023): Found entity 1: Clock_divider
Info (12021): Found 1 design units, including 1 entities, in source file display.v
    Info (12023): Found entity 1: Display
Info (12021): Found 1 design units, including 1 entities, in source file dec3to8.v
    Info (12023): Found entity 1: dec3to8
Info (12021): Found 1 design units, including 1 entities, in source file regn.v
    Info (12023): Found entity 1: regn
Info (12021): Found 1 design units, including 1 entities, in source file ulan.v
    Info (12023): Found entity 1: ULAn
Info (12021): Found 1 design units, including 1 entities, in source file programcounter.v
    Info (12023): Found entity 1: programCounter
Info (12021): Found 1 design units, including 1 entities, in source file w.v
    Info (12023): Found entity 1: W
Info (12021): Found 1 design units, including 1 entities, in source file f.v
    Info (12023): Found entity 1: F
Info (12021): Found 1 design units, including 1 entities, in source file barrel.v
    Info (12023): Found entity 1: barrel
Info (12127): Elaborating entity "pratica2_final" for the top level hierarchy
Warning (10034): Output port "LEDG[7..1]" at pratica2_final.v(14) has no driver
Info (12128): Elaborating entity "Clock_divider" for hierarchy "Clock_divider:divider"
Info (12128): Elaborating entity "proc2" for hierarchy "proc2:proc"
Warning (10240): Verilog HDL Always Construct warning at proc2.v(99): inferring latch(es) for variable "Select", which holds its previous value in one or more paths through the always construct
Warning (10240): Verilog HDL Always Construct warning at proc2.v(99): inferring latch(es) for variable "ALU_op", which holds its previous value in one or more paths through the always construct
Info (10041): Inferred latch for "ALU_op[0]" at proc2.v(99)
Info (10041): Inferred latch for "ALU_op[1]" at proc2.v(99)
Info (10041): Inferred latch for "Select[0]" at proc2.v(99)
Info (10041): Inferred latch for "Select[1]" at proc2.v(99)
Info (10041): Inferred latch for "Select[2]" at proc2.v(99)
Info (10041): Inferred latch for "Select[3]" at proc2.v(99)
Info (12128): Elaborating entity "dec3to8" for hierarchy "proc2:proc|dec3to8:decX"
Warning (10270): Verilog HDL Case Statement warning at dec3to8.v(11): incomplete case statement has no default case item
Warning (10240): Verilog HDL Always Construct warning at dec3to8.v(8): inferring latch(es) for variable "Y", which holds its previous value in one or more paths through the always construct
Info (10041): Inferred latch for "Y[0]" at dec3to8.v(11)
Info (10041): Inferred latch for "Y[1]" at dec3to8.v(11)
Info (10041): Inferred latch for "Y[2]" at dec3to8.v(11)
Info (10041): Inferred latch for "Y[3]" at dec3to8.v(11)
Info (10041): Inferred latch for "Y[4]" at dec3to8.v(11)
Info (10041): Inferred latch for "Y[5]" at dec3to8.v(11)
Info (10041): Inferred latch for "Y[6]" at dec3to8.v(11)
Info (12128): Elaborating entity "ram" for hierarchy "proc2:proc|ram:memDados"
Info (12128): Elaborating entity "altsyncram" for hierarchy "proc2:proc|ram:memDados|altsyncram:altsyncram_component"
Info (12130): Elaborated megafunction instantiation "proc2:proc|ram:memDados|altsyncram:altsyncram_component"
Info (12133): Instantiated megafunction "proc2:proc|ram:memDados|altsyncram:altsyncram_component" with the following parameter:
    Info (12134): Parameter "clock_enable_input_a" = "BYPASS"
    Info (12134): Parameter "clock_enable_output_a" = "BYPASS"
    Info (12134): Parameter "init_file" = "data_mem.mif"
    Info (12134): Parameter "intended_device_family" = "Cyclone II"
    Info (12134): Parameter "lpm_hint" = "ENABLE_RUNTIME_MOD=NO"
    Info (12134): Parameter "lpm_type" = "altsyncram"
    Info (12134): Parameter "numwords_a" = "256"
    Info (12134): Parameter "operation_mode" = "SINGLE_PORT"
    Info (12134): Parameter "outdata_aclr_a" = "NONE"
    Info (12134): Parameter "outdata_reg_a" = "UNREGISTERED"
    Info (12134): Parameter "power_up_uninitialized" = "FALSE"
    Info (12134): Parameter "widthad_a" = "8"
    Info (12134): Parameter "width_a" = "16"
    Info (12134): Parameter "width_byteena_a" = "1"
Info (12021): Found 1 design units, including 1 entities, in source file db/altsyncram_l4d1.tdf
    Info (12023): Found entity 1: altsyncram_l4d1
Info (12128): Elaborating entity "altsyncram_l4d1" for hierarchy "proc2:proc|ram:memDados|altsyncram:altsyncram_component|altsyncram_l4d1:auto_generated"
Info (12128): Elaborating entity "rom" for hierarchy "proc2:proc|rom:memInst"
Info (12128): Elaborating entity "altsyncram" for hierarchy "proc2:proc|rom:memInst|altsyncram:altsyncram_component"
Info (12130): Elaborated megafunction instantiation "proc2:proc|rom:memInst|altsyncram:altsyncram_component"
Info (12133): Instantiated megafunction "proc2:proc|rom:memInst|altsyncram:altsyncram_component" with the following parameter:
    Info (12134): Parameter "clock_enable_input_a" = "BYPASS"
    Info (12134): Parameter "clock_enable_output_a" = "BYPASS"
    Info (12134): Parameter "init_file" = "inst_mem4.mif"
    Info (12134): Parameter "intended_device_family" = "Cyclone II"
    Info (12134): Parameter "lpm_hint" = "ENABLE_RUNTIME_MOD=NO"
    Info (12134): Parameter "lpm_type" = "altsyncram"
    Info (12134): Parameter "numwords_a" = "32"
    Info (12134): Parameter "operation_mode" = "ROM"
    Info (12134): Parameter "outdata_aclr_a" = "NONE"
    Info (12134): Parameter "outdata_reg_a" = "UNREGISTERED"
    Info (12134): Parameter "widthad_a" = "5"
    Info (12134): Parameter "width_a" = "16"
    Info (12134): Parameter "width_byteena_a" = "1"
Info (12021): Found 1 design units, including 1 entities, in source file db/altsyncram_f281.tdf
    Info (12023): Found entity 1: altsyncram_f281
Info (12128): Elaborating entity "altsyncram_f281" for hierarchy "proc2:proc|rom:memInst|altsyncram:altsyncram_component|altsyncram_f281:auto_generated"
Info (12128): Elaborating entity "regn" for hierarchy "proc2:proc|regn:reg_0"
Info (12128): Elaborating entity "programCounter" for hierarchy "proc2:proc|programCounter:PC_1"
Warning (10230): Verilog HDL assignment warning at programCounter.v(16): truncated value with size 32 to match size of target (16)
Info (12128): Elaborating entity "W" for hierarchy "proc2:proc|W:wren"
Info (12128): Elaborating entity "ULAn" for hierarchy "proc2:proc|ULAn:ula"
Warning (10240): Verilog HDL Always Construct warning at ULAn.v(8): inferring latch(es) for variable "result", which holds its previous value in one or more paths through the always construct
Info (10041): Inferred latch for "result[0]" at ULAn.v(10)
Info (10041): Inferred latch for "result[1]" at ULAn.v(10)
Info (10041): Inferred latch for "result[2]" at ULAn.v(10)
Info (10041): Inferred latch for "result[3]" at ULAn.v(10)
Info (10041): Inferred latch for "result[4]" at ULAn.v(10)
Info (10041): Inferred latch for "result[5]" at ULAn.v(10)
Info (10041): Inferred latch for "result[6]" at ULAn.v(10)
Info (10041): Inferred latch for "result[7]" at ULAn.v(10)
Info (10041): Inferred latch for "result[8]" at ULAn.v(10)
Info (10041): Inferred latch for "result[9]" at ULAn.v(10)
Info (10041): Inferred latch for "result[10]" at ULAn.v(10)
Info (10041): Inferred latch for "result[11]" at ULAn.v(10)
Info (10041): Inferred latch for "result[12]" at ULAn.v(10)
Info (10041): Inferred latch for "result[13]" at ULAn.v(10)
Info (10041): Inferred latch for "result[14]" at ULAn.v(10)
Info (10041): Inferred latch for "result[15]" at ULAn.v(10)
Info (12128): Elaborating entity "F" for hierarchy "proc2:proc|F:F_1"
Info (12128): Elaborating entity "barrel" for hierarchy "proc2:proc|barrel:barrelShifter"
Warning (10230): Verilog HDL assignment warning at barrel.v(15): truncated value with size 32 to match size of target (16)
Info (12128): Elaborating entity "Display" for hierarchy "Display:D4"
Warning (14026): LATCH primitive "proc2:proc|ULAn:ula|result[0]" is permanently enabled
Warning (14026): LATCH primitive "proc2:proc|ULAn:ula|result[1]" is permanently enabled
Warning (14026): LATCH primitive "proc2:proc|ULAn:ula|result[2]" is permanently enabled
Warning (14026): LATCH primitive "proc2:proc|ULAn:ula|result[3]" is permanently enabled
Warning (14026): LATCH primitive "proc2:proc|ULAn:ula|result[4]" is permanently enabled
Warning (14026): LATCH primitive "proc2:proc|ULAn:ula|result[5]" is permanently enabled
Warning (14026): LATCH primitive "proc2:proc|ULAn:ula|result[6]" is permanently enabled
Warning (14026): LATCH primitive "proc2:proc|ULAn:ula|result[7]" is permanently enabled
Warning (14026): LATCH primitive "proc2:proc|ULAn:ula|result[8]" is permanently enabled
Warning (14026): LATCH primitive "proc2:proc|ULAn:ula|result[9]" is permanently enabled
Warning (14026): LATCH primitive "proc2:proc|ULAn:ula|result[10]" is permanently enabled
Warning (14026): LATCH primitive "proc2:proc|ULAn:ula|result[11]" is permanently enabled
Warning (14026): LATCH primitive "proc2:proc|ULAn:ula|result[12]" is permanently enabled
Warning (14026): LATCH primitive "proc2:proc|ULAn:ula|result[13]" is permanently enabled
Warning (14026): LATCH primitive "proc2:proc|ULAn:ula|result[14]" is permanently enabled
Warning (14026): LATCH primitive "proc2:proc|ULAn:ula|result[15]" is permanently enabled
Warning (12241): 3 hierarchies have connectivity warnings - see the Connectivity Checks report folder
Warning (13012): Latch proc2:proc|Select[1] has unsafe behavior
    Warning (13013): Ports D and ENA on the latch are fed by the same signal proc2:proc|regn:reg_IR|dado[14]
Warning (13012): Latch proc2:proc|Select[0] has unsafe behavior
    Warning (13013): Ports D and ENA on the latch are fed by the same signal proc2:proc|regn:reg_IR|dado[14]
Warning (13012): Latch proc2:proc|Select[2] has unsafe behavior
    Warning (13013): Ports D and ENA on the latch are fed by the same signal proc2:proc|Tstep_Q.T4
Warning (13012): Latch proc2:proc|Select[3] has unsafe behavior
    Warning (13013): Ports D and ENA on the latch are fed by the same signal proc2:proc|Tstep_Q.T5
Warning (13012): Latch proc2:proc|dec3to8:decX|Y[0] has unsafe behavior
    Warning (13013): Ports D and ENA on the latch are fed by the same signal proc2:proc|regn:reg_IR|dado[11]
Warning (13012): Latch proc2:proc|ALU_op[1] has unsafe behavior
    Warning (13013): Ports D and ENA on the latch are fed by the same signal proc2:proc|regn:reg_IR|dado[15]
Warning (13012): Latch proc2:proc|ALU_op[0] has unsafe behavior
    Warning (13013): Ports D and ENA on the latch are fed by the same signal proc2:proc|regn:reg_IR|dado[14]
Warning (13012): Latch proc2:proc|dec3to8:decX|Y[1] has unsafe behavior
    Warning (13013): Ports D and ENA on the latch are fed by the same signal proc2:proc|regn:reg_IR|dado[11]
Warning (13012): Latch proc2:proc|dec3to8:decX|Y[2] has unsafe behavior
    Warning (13013): Ports D and ENA on the latch are fed by the same signal proc2:proc|regn:reg_IR|dado[11]
Warning (13012): Latch proc2:proc|dec3to8:decX|Y[3] has unsafe behavior
    Warning (13013): Ports D and ENA on the latch are fed by the same signal proc2:proc|regn:reg_IR|dado[10]
Warning (13012): Latch proc2:proc|dec3to8:decX|Y[6] has unsafe behavior
    Warning (13013): Ports D and ENA on the latch are fed by the same signal proc2:proc|regn:reg_IR|dado[11]
Warning (13012): Latch proc2:proc|dec3to8:decX|Y[5] has unsafe behavior
    Warning (13013): Ports D and ENA on the latch are fed by the same signal proc2:proc|regn:reg_IR|dado[11]
Warning (13012): Latch proc2:proc|dec3to8:decX|Y[4] has unsafe behavior
    Warning (13013): Ports D and ENA on the latch are fed by the same signal proc2:proc|regn:reg_IR|dado[11]
Warning (13024): Output pins are stuck at VCC or GND
    Warning (13410): Pin "LEDG[1]" is stuck at GND
    Warning (13410): Pin "LEDG[2]" is stuck at GND
    Warning (13410): Pin "LEDG[3]" is stuck at GND
    Warning (13410): Pin "LEDG[4]" is stuck at GND
    Warning (13410): Pin "LEDG[5]" is stuck at GND
    Warning (13410): Pin "LEDG[6]" is stuck at GND
    Warning (13410): Pin "LEDG[7]" is stuck at GND
Info (17049): 3 registers lost all their fanouts during netlist optimizations.
Info (144001): Generated suppressed messages file C:/ProgramasCEFET/quartus/AOC II/LaraGama_LucasSantos_pratica2/output_files/pratica2_final.map.smsg
Info (16010): Generating hard_block partition "hard_block:auto_generated_inst"
    Info (16011): Adding 0 node(s), including 0 DDIO, 0 PLL, 0 transceiver and 0 LCELL
Warning (21074): Design contains 18 input pin(s) that do not drive logic
    Warning (15610): No output dependent on input pin "SW[0]"
    Warning (15610): No output dependent on input pin "SW[1]"
    Warning (15610): No output dependent on input pin "SW[2]"
    Warning (15610): No output dependent on input pin "SW[3]"
    Warning (15610): No output dependent on input pin "SW[4]"
    Warning (15610): No output dependent on input pin "SW[5]"
    Warning (15610): No output dependent on input pin "SW[6]"
    Warning (15610): No output dependent on input pin "SW[7]"
    Warning (15610): No output dependent on input pin "SW[8]"
    Warning (15610): No output dependent on input pin "SW[9]"
    Warning (15610): No output dependent on input pin "SW[10]"
    Warning (15610): No output dependent on input pin "SW[11]"
    Warning (15610): No output dependent on input pin "SW[12]"
    Warning (15610): No output dependent on input pin "SW[13]"
    Warning (15610): No output dependent on input pin "SW[14]"
    Warning (15610): No output dependent on input pin "SW[15]"
    Warning (15610): No output dependent on input pin "SW[16]"
    Warning (15610): No output dependent on input pin "SW[17]"
Info (21057): Implemented 935 device resources after synthesis - the final resource count might be different
    Info (21058): Implemented 19 input pins
    Info (21059): Implemented 64 output pins
    Info (21061): Implemented 820 logic cells
    Info (21064): Implemented 32 RAM segments
Info: Quartus II 64-Bit Analysis & Synthesis was successful. 0 errors, 79 warnings
    Info: Peak virtual memory: 4619 megabytes
    Info: Processing ended: Thu Oct 13 20:20:09 2022
    Info: Elapsed time: 00:00:05
    Info: Total CPU time (on all processors): 00:00:05


+------------------------------------------+
; Analysis & Synthesis Suppressed Messages ;
+------------------------------------------+
The suppressed messages can be found in C:/ProgramasCEFET/quartus/AOC II/LaraGama_LucasSantos_pratica2/output_files/pratica2_final.map.smsg.


